<html>
<head>
<title>TestNG:  fast</title>
<link href="../testng.css" rel="stylesheet" type="text/css" />
<link href="../my-testng.css" rel="stylesheet" type="text/css" />

<style type="text/css">
.log { display: none;} 
.stack-trace { display: none;} 
</style>
<script type="text/javascript">
<!--
function flip(e) {
  current = e.style.display;
  if (current == 'block') {
    e.style.display = 'none';
    return 0;
  }
  else {
    e.style.display = 'block';
    return 1;
  }
}

function toggleBox(szDivId, elem, msg1, msg2)
{
  var res = -1;  if (document.getElementById) {
    res = flip(document.getElementById(szDivId));
  }
  else if (document.all) {
    // this is the way old msie versions work
    res = flip(document.all[szDivId]);
  }
  if(elem) {
    if(res == 0) elem.innerHTML = msg1; else elem.innerHTML = msg2;
  }

}

function toggleAllBoxes() {
  if (document.getElementsByTagName) {
    d = document.getElementsByTagName('div');
    for (i = 0; i < d.length; i++) {
      if (d[i].className == 'log') {
        flip(d[i]);
      }
    }
  }
}

// -->
</script>

</head>
<body>
<h2 align='center'>fast</h2><table border='1' align="center">
<tr>
<td>Tests passed/Failed/Skipped:</td><td>72/0/0</td>
</tr><tr>
<td>Started on:</td><td>Sat May 01 15:23:39 EDT 2010</td>
</tr>
<tr><td>Total time:</td><td>16 seconds (16427 ms)</td>
</tr><tr>
<td>Included groups:</td><td>init fast </td>
</tr><tr>
<td>Excluded groups:</td><td>broken in-development </td>
</tr>
</table><p/>
<small><i>(Hover the method name to see the test class name)</i></small><p/>
<table width='100%' border='1' class='invocation-passed'>
<tr><td colspan='3' align='center'><b>PASSED TESTS</b></td></tr>
<tr><td><b>Test method</b></td>
<td width="10%"><b>Time (seconds)</b></td>
<td width="30%"><b>Exception</b></td>
</tr>
<tr>
<td title='edu.upenn.cis.ppod.model.PPodEntityTest.addAttachment()'>addAttachment</td>
<td>0</td>
<td></td>
</tr>
<tr>
<td title='edu.upenn.cis.ppod.model.CharacterStateRowTest.addCellToMatrixThatHasNoCharacters()'>addCellToMatrixThatHasNoCharacters</td>
<td>0</td>
<td><div><pre>java.lang.IllegalStateException: the matrix has different number of characters 0 than cells 1 and cells &gt; 0
	at com.google.common.base.Preconditions.checkState(Preconditions.java:139)
	at edu.upenn.cis.ppod.model.CategoricalRow.setCells(CharacterStateRow.java:223)
	at edu.upenn.cis.ppod.model.CharacterStateRowTest.addCellToMatrixThatHasNoCharacters(CharacterStateRowTest.java:105)
... Removed 22 stack frames</pre></div><a href='#' onClick='toggleBox("stack-trace1816386075", this, "Click to show all stack frames", "Click to hide stack frames")'>Click to show all stack frames</a>
<div class='stack-trace' id='stack-trace1816386075'><pre>java.lang.IllegalStateException: the matrix has different number of characters 0 than cells 1 and cells &gt; 0
	at com.google.common.base.Preconditions.checkState(Preconditions.java:139)
	at edu.upenn.cis.ppod.model.CategoricalRow.setCells(CharacterStateRow.java:223)
	at edu.upenn.cis.ppod.model.CharacterStateRowTest.addCellToMatrixThatHasNoCharacters(CharacterStateRowTest.java:105)
	at sun.reflect.NativeMethodAccessorImpl.invoke0(Native Method)
	at sun.reflect.NativeMethodAccessorImpl.invoke(NativeMethodAccessorImpl.java:39)
	at sun.reflect.DelegatingMethodAccessorImpl.invoke(DelegatingMethodAccessorImpl.java:25)
	at java.lang.reflect.Method.invoke(Method.java:597)
	at org.testng.internal.MethodHelper.invokeMethod(MethodHelper.java:607)
	at org.testng.internal.Invoker.invokeMethod(Invoker.java:517)
	at org.testng.internal.Invoker.invokeTestMethod(Invoker.java:669)
	at org.testng.internal.Invoker.invokeTestMethods(Invoker.java:956)
	at org.testng.internal.TestMethodWorker.invokeTestMethods(TestMethodWorker.java:126)
	at org.testng.internal.TestMethodWorker.run(TestMethodWorker.java:110)
	at org.testng.TestRunner.runWorkers(TestRunner.java:759)
	at org.testng.TestRunner.privateRun(TestRunner.java:592)
	at org.testng.TestRunner.run(TestRunner.java:486)
	at org.testng.SuiteRunner.runTest(SuiteRunner.java:332)
	at org.testng.SuiteRunner.runSequentially(SuiteRunner.java:327)
	at org.testng.SuiteRunner.privateRun(SuiteRunner.java:299)
	at org.testng.SuiteRunner.run(SuiteRunner.java:204)
	at org.testng.TestNG.createAndRunSuiteRunners(TestNG.java:877)
	at org.testng.TestNG.runSuitesLocally(TestNG.java:842)
	at org.testng.TestNG.run(TestNG.java:751)
	at org.testng.remote.RemoteTestNG.run(RemoteTestNG.java:73)
	at org.testng.remote.RemoteTestNG.main(RemoteTestNG.java:124)
</pre></div></td>
</tr>
<tr>
<td title='edu.upenn.cis.ppod.model.CharacterStateRowTest.addCellToMatrixWOneCharacter()'>addCellToMatrixWOneCharacter</td>
<td>0</td>
<td></td>
</tr>
<tr>
<td title='edu.upenn.cis.ppod.model.CharacterStateRowTest.addCellToMatrixWTooFewCharacters()'>addCellToMatrixWTooFewCharacters</td>
<td>0</td>
<td><div><pre>java.lang.IllegalStateException: the matrix has different number of characters 1 than cells 2 and cells &gt; 0
	at com.google.common.base.Preconditions.checkState(Preconditions.java:139)
	at edu.upenn.cis.ppod.model.CategoricalRow.setCells(CharacterStateRow.java:223)
	at edu.upenn.cis.ppod.model.CharacterStateRowTest.addCellToMatrixWTooFewCharacters(CharacterStateRowTest.java:114)
... Removed 22 stack frames</pre></div><a href='#' onClick='toggleBox("stack-trace395070079", this, "Click to show all stack frames", "Click to hide stack frames")'>Click to show all stack frames</a>
<div class='stack-trace' id='stack-trace395070079'><pre>java.lang.IllegalStateException: the matrix has different number of characters 1 than cells 2 and cells &gt; 0
	at com.google.common.base.Preconditions.checkState(Preconditions.java:139)
	at edu.upenn.cis.ppod.model.CategoricalRow.setCells(CharacterStateRow.java:223)
	at edu.upenn.cis.ppod.model.CharacterStateRowTest.addCellToMatrixWTooFewCharacters(CharacterStateRowTest.java:114)
	at sun.reflect.NativeMethodAccessorImpl.invoke0(Native Method)
	at sun.reflect.NativeMethodAccessorImpl.invoke(NativeMethodAccessorImpl.java:39)
	at sun.reflect.DelegatingMethodAccessorImpl.invoke(DelegatingMethodAccessorImpl.java:25)
	at java.lang.reflect.Method.invoke(Method.java:597)
	at org.testng.internal.MethodHelper.invokeMethod(MethodHelper.java:607)
	at org.testng.internal.Invoker.invokeMethod(Invoker.java:517)
	at org.testng.internal.Invoker.invokeTestMethod(Invoker.java:669)
	at org.testng.internal.Invoker.invokeTestMethods(Invoker.java:956)
	at org.testng.internal.TestMethodWorker.invokeTestMethods(TestMethodWorker.java:126)
	at org.testng.internal.TestMethodWorker.run(TestMethodWorker.java:110)
	at org.testng.TestRunner.runWorkers(TestRunner.java:759)
	at org.testng.TestRunner.privateRun(TestRunner.java:592)
	at org.testng.TestRunner.run(TestRunner.java:486)
	at org.testng.SuiteRunner.runTest(SuiteRunner.java:332)
	at org.testng.SuiteRunner.runSequentially(SuiteRunner.java:327)
	at org.testng.SuiteRunner.privateRun(SuiteRunner.java:299)
	at org.testng.SuiteRunner.run(SuiteRunner.java:204)
	at org.testng.TestNG.createAndRunSuiteRunners(TestNG.java:877)
	at org.testng.TestNG.runSuitesLocally(TestNG.java:842)
	at org.testng.TestNG.run(TestNG.java:751)
	at org.testng.remote.RemoteTestNG.run(RemoteTestNG.java:73)
	at org.testng.remote.RemoteTestNG.main(RemoteTestNG.java:124)
</pre></div></td>
</tr>
<tr>
<td title='edu.upenn.cis.ppod.model.CharacterStateRowTest.addCellToRowThatsNotInAMatrix()'>addCellToRowThatsNotInAMatrix</td>
<td>0</td>
<td><div><pre>java.lang.IllegalStateException: This row hasn't been added to a matrix yet
	at com.google.common.base.Preconditions.checkState(Preconditions.java:139)
	at edu.upenn.cis.ppod.model.CategoricalRow.setCells(CharacterStateRow.java:221)
	at edu.upenn.cis.ppod.model.CharacterStateRowTest.addCellToRowThatsNotInAMatrix(CharacterStateRowTest.java:89)
... Removed 22 stack frames</pre></div><a href='#' onClick='toggleBox("stack-trace522489643", this, "Click to show all stack frames", "Click to hide stack frames")'>Click to show all stack frames</a>
<div class='stack-trace' id='stack-trace522489643'><pre>java.lang.IllegalStateException: This row hasn't been added to a matrix yet
	at com.google.common.base.Preconditions.checkState(Preconditions.java:139)
	at edu.upenn.cis.ppod.model.CategoricalRow.setCells(CharacterStateRow.java:221)
	at edu.upenn.cis.ppod.model.CharacterStateRowTest.addCellToRowThatsNotInAMatrix(CharacterStateRowTest.java:89)
	at sun.reflect.NativeMethodAccessorImpl.invoke0(Native Method)
	at sun.reflect.NativeMethodAccessorImpl.invoke(NativeMethodAccessorImpl.java:39)
	at sun.reflect.DelegatingMethodAccessorImpl.invoke(DelegatingMethodAccessorImpl.java:25)
	at java.lang.reflect.Method.invoke(Method.java:597)
	at org.testng.internal.MethodHelper.invokeMethod(MethodHelper.java:607)
	at org.testng.internal.Invoker.invokeMethod(Invoker.java:517)
	at org.testng.internal.Invoker.invokeTestMethod(Invoker.java:669)
	at org.testng.internal.Invoker.invokeTestMethods(Invoker.java:956)
	at org.testng.internal.TestMethodWorker.invokeTestMethods(TestMethodWorker.java:126)
	at org.testng.internal.TestMethodWorker.run(TestMethodWorker.java:110)
	at org.testng.TestRunner.runWorkers(TestRunner.java:759)
	at org.testng.TestRunner.privateRun(TestRunner.java:592)
	at org.testng.TestRunner.run(TestRunner.java:486)
	at org.testng.SuiteRunner.runTest(SuiteRunner.java:332)
	at org.testng.SuiteRunner.runSequentially(SuiteRunner.java:327)
	at org.testng.SuiteRunner.privateRun(SuiteRunner.java:299)
	at org.testng.SuiteRunner.run(SuiteRunner.java:204)
	at org.testng.TestNG.createAndRunSuiteRunners(TestNG.java:877)
	at org.testng.TestNG.runSuitesLocally(TestNG.java:842)
	at org.testng.TestNG.run(TestNG.java:751)
	at org.testng.remote.RemoteTestNG.run(RemoteTestNG.java:73)
	at org.testng.remote.RemoteTestNG.main(RemoteTestNG.java:124)
</pre></div></td>
</tr>
<tr>
<td title='edu.upenn.cis.ppod.model.OTUSetTest.addOTU()'>addOTU</td>
<td>0</td>
<td></td>
</tr>
<tr>
<td title='edu.upenn.cis.ppod.model.OTUSetTest.addOTUWAlreadyContainedOTU()'>addOTUWAlreadyContainedOTU</td>
<td>0</td>
<td></td>
</tr>
<tr>
<td title='edu.upenn.cis.ppod.model.OTUSetTest.addOTUWDuplicateLabel()'>addOTUWDuplicateLabel</td>
<td>0</td>
<td><div><pre>java.lang.IllegalArgumentException: OTUSet labeled 'null' already has an OTU labeled 'otu0'
	at com.google.common.base.Preconditions.checkArgument(Preconditions.java:84)
	at edu.upenn.cis.ppod.model.OTUSet.addOTUWithoutSetOTUsOnChildren(OTUSet.java:221)
	at edu.upenn.cis.ppod.model.OTUSet.setOTUs(OTUSet.java:533)
	at edu.upenn.cis.ppod.model.OTUSetTest.addOTUWDuplicateLabel(OTUSetTest.java:91)
... Removed 22 stack frames</pre></div><a href='#' onClick='toggleBox("stack-trace354415697", this, "Click to show all stack frames", "Click to hide stack frames")'>Click to show all stack frames</a>
<div class='stack-trace' id='stack-trace354415697'><pre>java.lang.IllegalArgumentException: OTUSet labeled 'null' already has an OTU labeled 'otu0'
	at com.google.common.base.Preconditions.checkArgument(Preconditions.java:84)
	at edu.upenn.cis.ppod.model.OTUSet.addOTUWithoutSetOTUsOnChildren(OTUSet.java:221)
	at edu.upenn.cis.ppod.model.OTUSet.setOTUs(OTUSet.java:533)
	at edu.upenn.cis.ppod.model.OTUSetTest.addOTUWDuplicateLabel(OTUSetTest.java:91)
	at sun.reflect.NativeMethodAccessorImpl.invoke0(Native Method)
	at sun.reflect.NativeMethodAccessorImpl.invoke(NativeMethodAccessorImpl.java:39)
	at sun.reflect.DelegatingMethodAccessorImpl.invoke(DelegatingMethodAccessorImpl.java:25)
	at java.lang.reflect.Method.invoke(Method.java:597)
	at org.testng.internal.MethodHelper.invokeMethod(MethodHelper.java:607)
	at org.testng.internal.Invoker.invokeMethod(Invoker.java:517)
	at org.testng.internal.Invoker.invokeTestMethod(Invoker.java:669)
	at org.testng.internal.Invoker.invokeTestMethods(Invoker.java:956)
	at org.testng.internal.TestMethodWorker.invokeTestMethods(TestMethodWorker.java:126)
	at org.testng.internal.TestMethodWorker.run(TestMethodWorker.java:110)
	at org.testng.TestRunner.runWorkers(TestRunner.java:759)
	at org.testng.TestRunner.privateRun(TestRunner.java:592)
	at org.testng.TestRunner.run(TestRunner.java:486)
	at org.testng.SuiteRunner.runTest(SuiteRunner.java:332)
	at org.testng.SuiteRunner.runSequentially(SuiteRunner.java:327)
	at org.testng.SuiteRunner.privateRun(SuiteRunner.java:299)
	at org.testng.SuiteRunner.run(SuiteRunner.java:204)
	at org.testng.TestNG.createAndRunSuiteRunners(TestNG.java:877)
	at org.testng.TestNG.runSuitesLocally(TestNG.java:842)
	at org.testng.TestNG.run(TestNG.java:751)
	at org.testng.remote.RemoteTestNG.run(RemoteTestNG.java:73)
	at org.testng.remote.RemoteTestNG.main(RemoteTestNG.java:124)
</pre></div></td>
</tr>
<tr>
<td title='edu.upenn.cis.ppod.model.CharacterStateCellTest.afterUnmarshal()'>afterUnmarshal</td>
<td>0</td>
<td></td>
</tr>
<tr>
<td title='edu.upenn.cis.ppod.model.PPodEntityTest.beforeMarahal()'>beforeMarahal</td>
<td>0</td>
<td></td>
</tr>
<tr>
<td title='edu.upenn.cis.ppod.model.CharacterStateMatrixTest.beforeMarshal()'>beforeMarshal</td>
<td>0</td>
<td></td>
</tr>
<tr>
<td title='edu.upenn.cis.ppod.model.CharacterStateCellTest.beforeMarshal()'>beforeMarshal</td>
<td>0</td>
<td></td>
</tr>
<tr>
<td title='edu.upenn.cis.ppod.model.CharacterStateCellTest.beforeMarshalBeforeTypeHasBeenSet()'>beforeMarshalBeforeTypeHasBeenSet</td>
<td>0</td>
<td><div><pre>java.lang.IllegalStateException: can't marshal a cell without a type
	at com.google.common.base.Preconditions.checkState(Preconditions.java:139)
	at edu.upenn.cis.ppod.model.Cell.beforeMarshal(CharacterStateCell.java:221)
	at edu.upenn.cis.ppod.model.CharacterStateCellTest.beforeMarshalBeforeTypeHasBeenSet(CharacterStateCellTest.java:248)
... Removed 22 stack frames</pre></div><a href='#' onClick='toggleBox("stack-trace1427274578", this, "Click to show all stack frames", "Click to hide stack frames")'>Click to show all stack frames</a>
<div class='stack-trace' id='stack-trace1427274578'><pre>java.lang.IllegalStateException: can't marshal a cell without a type
	at com.google.common.base.Preconditions.checkState(Preconditions.java:139)
	at edu.upenn.cis.ppod.model.Cell.beforeMarshal(CharacterStateCell.java:221)
	at edu.upenn.cis.ppod.model.CharacterStateCellTest.beforeMarshalBeforeTypeHasBeenSet(CharacterStateCellTest.java:248)
	at sun.reflect.NativeMethodAccessorImpl.invoke0(Native Method)
	at sun.reflect.NativeMethodAccessorImpl.invoke(NativeMethodAccessorImpl.java:39)
	at sun.reflect.DelegatingMethodAccessorImpl.invoke(DelegatingMethodAccessorImpl.java:25)
	at java.lang.reflect.Method.invoke(Method.java:597)
	at org.testng.internal.MethodHelper.invokeMethod(MethodHelper.java:607)
	at org.testng.internal.Invoker.invokeMethod(Invoker.java:517)
	at org.testng.internal.Invoker.invokeTestMethod(Invoker.java:669)
	at org.testng.internal.Invoker.invokeTestMethods(Invoker.java:956)
	at org.testng.internal.TestMethodWorker.invokeTestMethods(TestMethodWorker.java:126)
	at org.testng.internal.TestMethodWorker.run(TestMethodWorker.java:110)
	at org.testng.TestRunner.runWorkers(TestRunner.java:759)
	at org.testng.TestRunner.privateRun(TestRunner.java:592)
	at org.testng.TestRunner.run(TestRunner.java:486)
	at org.testng.SuiteRunner.runTest(SuiteRunner.java:332)
	at org.testng.SuiteRunner.runSequentially(SuiteRunner.java:327)
	at org.testng.SuiteRunner.privateRun(SuiteRunner.java:299)
	at org.testng.SuiteRunner.run(SuiteRunner.java:204)
	at org.testng.TestNG.createAndRunSuiteRunners(TestNG.java:877)
	at org.testng.TestNG.runSuitesLocally(TestNG.java:842)
	at org.testng.TestNG.run(TestNG.java:751)
	at org.testng.remote.RemoteTestNG.run(RemoteTestNG.java:73)
	at org.testng.remote.RemoteTestNG.main(RemoteTestNG.java:124)
</pre></div></td>
</tr>
<tr>
<td title='edu.upenn.cis.ppod.model.OTUSetTest.clearOTUs()'>clearOTUs</td>
<td>0</td>
<td></td>
</tr>
<tr>
<td title='edu.upenn.cis.ppod.saveorupdate.SaveOrUpdateCharacterStateMatrixTest.deleteCharacter()'>deleteCharacter<br/><b>Parameters:</b> UUPPodEntity(PPodEntity(PersistentObject(edu.upenn.cis.ppod.model.Matrix@772d4c88id=nullversion=null)pPodVersionInfo=nullpPodVersion=null)pPodId=null)</td>
<td>1</td>
<td></td>
</tr>
<tr>
<td title='edu.upenn.cis.ppod.saveorupdate.SaveOrUpdateCharacterStateMatrixTest.deleteCharacter()'>deleteCharacter<br/><b>Parameters:</b> UUPPodEntity(PPodEntity(PersistentObject(edu.upenn.cis.ppod.model.DNAMatrix@8492903id=nullversion=null)pPodVersionInfo=nullpPodVersion=null)pPodId=null)</td>
<td>0</td>
<td></td>
</tr>
<tr>
<td title='edu.upenn.cis.ppod.model.PPodEntityTest.getMarshalled()'>getMarshalled</td>
<td>0</td>
<td><div><pre>java.lang.IllegalStateException: can't access a PPodVersionInfo through a marshalled PPodEntity
	at com.google.common.base.Preconditions.checkState(Preconditions.java:139)
	at edu.upenn.cis.ppod.model.PPodEntity.getPPodVersionInfo(PPodEntity.java:245)
	at edu.upenn.cis.ppod.model.PPodEntityTest.getMarshalled(PPodEntityTest.java:101)
... Removed 22 stack frames</pre></div><a href='#' onClick='toggleBox("stack-trace1887369878", this, "Click to show all stack frames", "Click to hide stack frames")'>Click to show all stack frames</a>
<div class='stack-trace' id='stack-trace1887369878'><pre>java.lang.IllegalStateException: can't access a PPodVersionInfo through a marshalled PPodEntity
	at com.google.common.base.Preconditions.checkState(Preconditions.java:139)
	at edu.upenn.cis.ppod.model.PPodEntity.getPPodVersionInfo(PPodEntity.java:245)
	at edu.upenn.cis.ppod.model.PPodEntityTest.getMarshalled(PPodEntityTest.java:101)
	at sun.reflect.NativeMethodAccessorImpl.invoke0(Native Method)
	at sun.reflect.NativeMethodAccessorImpl.invoke(NativeMethodAccessorImpl.java:39)
	at sun.reflect.DelegatingMethodAccessorImpl.invoke(DelegatingMethodAccessorImpl.java:25)
	at java.lang.reflect.Method.invoke(Method.java:597)
	at org.testng.internal.MethodHelper.invokeMethod(MethodHelper.java:607)
	at org.testng.internal.Invoker.invokeMethod(Invoker.java:517)
	at org.testng.internal.Invoker.invokeTestMethod(Invoker.java:669)
	at org.testng.internal.Invoker.invokeTestMethods(Invoker.java:956)
	at org.testng.internal.TestMethodWorker.invokeTestMethods(TestMethodWorker.java:126)
	at org.testng.internal.TestMethodWorker.run(TestMethodWorker.java:110)
	at org.testng.TestRunner.runWorkers(TestRunner.java:759)
	at org.testng.TestRunner.privateRun(TestRunner.java:592)
	at org.testng.TestRunner.run(TestRunner.java:486)
	at org.testng.SuiteRunner.runTest(SuiteRunner.java:332)
	at org.testng.SuiteRunner.runSequentially(SuiteRunner.java:327)
	at org.testng.SuiteRunner.privateRun(SuiteRunner.java:299)
	at org.testng.SuiteRunner.run(SuiteRunner.java:204)
	at org.testng.TestNG.createAndRunSuiteRunners(TestNG.java:877)
	at org.testng.TestNG.runSuitesLocally(TestNG.java:842)
	at org.testng.TestNG.run(TestNG.java:751)
	at org.testng.remote.RemoteTestNG.run(RemoteTestNG.java:73)
	at org.testng.remote.RemoteTestNG.main(RemoteTestNG.java:124)
</pre></div></td>
</tr>
<tr>
<td title='edu.upenn.cis.ppod.model.CharacterStateCellTest.getStatesWhenCellHasMultipleStates()'>getStatesWhenCellHasMultipleStates</td>
<td>0</td>
<td></td>
</tr>
<tr>
<td title='edu.upenn.cis.ppod.model.CharacterStateCellTest.getStatesWhenCellHasOneState()'>getStatesWhenCellHasOneState</td>
<td>0</td>
<td></td>
</tr>
<tr>
<td title='edu.upenn.cis.ppod.saveorupdate.MergeAttachmentTest.mergeOnBlankTarget()'>mergeOnBlankTarget</td>
<td>0</td>
<td></td>
</tr>
<tr>
<td title='edu.upenn.cis.ppod.model.CharacterStateMatrixTest.moveCharacter()'>moveCharacter</td>
<td>0</td>
<td></td>
</tr>
<tr>
<td title='edu.upenn.cis.ppod.saveorupdate.SaveOrUpdateCharacterStateMatrixTest.moveCharacters()'>moveCharacters<br/><b>Parameters:</b> UUPPodEntity(PPodEntity(PersistentObject(edu.upenn.cis.ppod.model.Matrix@77f6d2e3id=nullversion=null)pPodVersionInfo=nullpPodVersion=null)pPodId=null)</td>
<td>0</td>
<td></td>
</tr>
<tr>
<td title='edu.upenn.cis.ppod.saveorupdate.SaveOrUpdateCharacterStateMatrixTest.moveCharacters()'>moveCharacters<br/><b>Parameters:</b> UUPPodEntity(PPodEntity(PersistentObject(edu.upenn.cis.ppod.model.DNAMatrix@2d58497cid=nullversion=null)pPodVersionInfo=nullpPodVersion=null)pPodId=null)</td>
<td>0</td>
<td></td>
</tr>
<tr>
<td title='edu.upenn.cis.ppod.saveorupdate.SaveOrUpdateCharacterStateMatrixTest.moveRows()'>moveRows<br/><b>Parameters:</b> UUPPodEntity(PPodEntity(PersistentObject(edu.upenn.cis.ppod.model.Matrix@2a23bf89id=nullversion=null)pPodVersionInfo=nullpPodVersion=null)pPodId=null)</td>
<td>0</td>
<td></td>
</tr>
<tr>
<td title='edu.upenn.cis.ppod.saveorupdate.SaveOrUpdateCharacterStateMatrixTest.moveRows()'>moveRows<br/><b>Parameters:</b> UUPPodEntity(PPodEntity(PersistentObject(edu.upenn.cis.ppod.model.DNAMatrix@4578b5d4id=nullversion=null)pPodVersionInfo=nullpPodVersion=null)pPodId=null)</td>
<td>0</td>
<td></td>
</tr>
<tr>
<td title='edu.upenn.cis.ppod.model.DNAStateTest.of()'>of</td>
<td>0</td>
<td></td>
</tr>
<tr>
<td title='edu.upenn.cis.ppod.model.DNAStateTest.ofIllegalArg()'>ofIllegalArg</td>
<td>0</td>
<td><div><pre>java.lang.IllegalArgumentException: stateNumber must be 0, 1, 2, or 3
	at edu.upenn.cis.ppod.model.DNAState$Nucleotide.of(DNAState.java:88)
	at edu.upenn.cis.ppod.model.DNAStateTest.ofIllegalArg(DNAStateTest.java:43)
... Removed 22 stack frames</pre></div><a href='#' onClick='toggleBox("stack-trace1344918164", this, "Click to show all stack frames", "Click to hide stack frames")'>Click to show all stack frames</a>
<div class='stack-trace' id='stack-trace1344918164'><pre>java.lang.IllegalArgumentException: stateNumber must be 0, 1, 2, or 3
	at edu.upenn.cis.ppod.model.DNAState$Nucleotide.of(DNAState.java:88)
	at edu.upenn.cis.ppod.model.DNAStateTest.ofIllegalArg(DNAStateTest.java:43)
	at sun.reflect.NativeMethodAccessorImpl.invoke0(Native Method)
	at sun.reflect.NativeMethodAccessorImpl.invoke(NativeMethodAccessorImpl.java:39)
	at sun.reflect.DelegatingMethodAccessorImpl.invoke(DelegatingMethodAccessorImpl.java:25)
	at java.lang.reflect.Method.invoke(Method.java:597)
	at org.testng.internal.MethodHelper.invokeMethod(MethodHelper.java:607)
	at org.testng.internal.Invoker.invokeMethod(Invoker.java:517)
	at org.testng.internal.Invoker.invokeTestMethod(Invoker.java:669)
	at org.testng.internal.Invoker.invokeTestMethods(Invoker.java:956)
	at org.testng.internal.TestMethodWorker.invokeTestMethods(TestMethodWorker.java:126)
	at org.testng.internal.TestMethodWorker.run(TestMethodWorker.java:110)
	at org.testng.TestRunner.runWorkers(TestRunner.java:759)
	at org.testng.TestRunner.privateRun(TestRunner.java:592)
	at org.testng.TestRunner.run(TestRunner.java:486)
	at org.testng.SuiteRunner.runTest(SuiteRunner.java:332)
	at org.testng.SuiteRunner.runSequentially(SuiteRunner.java:327)
	at org.testng.SuiteRunner.privateRun(SuiteRunner.java:299)
	at org.testng.SuiteRunner.run(SuiteRunner.java:204)
	at org.testng.TestNG.createAndRunSuiteRunners(TestNG.java:877)
	at org.testng.TestNG.runSuitesLocally(TestNG.java:842)
	at org.testng.TestNG.run(TestNG.java:751)
	at org.testng.remote.RemoteTestNG.run(RemoteTestNG.java:73)
	at org.testng.remote.RemoteTestNG.main(RemoteTestNG.java:124)
</pre></div></td>
</tr>
<tr>
<td title='edu.upenn.cis.ppod.model.OTUsToMolecularSequencesTest.putHelperTest()'>putHelperTest</td>
<td>0</td>
<td></td>
</tr>
<tr>
<td title='edu.upenn.cis.ppod.model.OTUsToMolecularSequencesTest.putHelperTestReplaceASequence()'>putHelperTestReplaceASequence</td>
<td>0</td>
<td></td>
</tr>
<tr>
<td title='edu.upenn.cis.ppod.model.PPodEntityTest.removeAttachment()'>removeAttachment</td>
<td>0</td>
<td></td>
</tr>
<tr>
<td title='edu.upenn.cis.ppod.model.OTUSetTest.removeMatrix()'>removeMatrix</td>
<td>0</td>
<td></td>
</tr>
<tr>
<td title='edu.upenn.cis.ppod.model.OTUSetTest.removeOTU()'>removeOTU</td>
<td>0</td>
<td></td>
</tr>
<tr>
<td title='edu.upenn.cis.ppod.model.OTUSetTest.removeTreeSet()'>removeTreeSet</td>
<td>0</td>
<td></td>
</tr>
<tr>
<td title='edu.upenn.cis.ppod.model.CharacterStateMatrixTest.replaceCharacters()'>replaceCharacters</td>
<td>0</td>
<td></td>
</tr>
<tr>
<td title='edu.upenn.cis.ppod.model.CharacterStateMatrixTest.replaceRow()'>replaceRow</td>
<td>0</td>
<td></td>
</tr>
<tr>
<td title='edu.upenn.cis.ppod.model.OTUSetTest.resetWhenNotInNeedOfNewPPodVersionInfo()'>resetWhenNotInNeedOfNewPPodVersionInfo</td>
<td>0</td>
<td></td>
</tr>
<tr>
<td title='edu.upenn.cis.ppod.saveorupdate.SaveOrUpdateCharacterStateMatrixTest.save()'>save<br/><b>Parameters:</b> UUPPodEntity(PPodEntity(PersistentObject(edu.upenn.cis.ppod.model.Matrix@50a5314id=nullversion=null)pPodVersionInfo=nullpPodVersion=null)pPodId=null)</td>
<td>1</td>
<td></td>
</tr>
<tr>
<td title='edu.upenn.cis.ppod.saveorupdate.SaveOrUpdateCharacterStateMatrixTest.save()'>save<br/><b>Parameters:</b> UUPPodEntity(PPodEntity(PersistentObject(edu.upenn.cis.ppod.model.DNAMatrix@54a50a00id=nullversion=null)pPodVersionInfo=nullpPodVersion=null)pPodId=null)</td>
<td>1</td>
<td></td>
</tr>
<tr>
<td title='edu.upenn.cis.ppod.model.MolecularSequenceTest.setAccession()'>setAccession</td>
<td>0</td>
<td></td>
</tr>
<tr>
<td title='edu.upenn.cis.ppod.model.AttachmentTest.setBytesValue()'>setBytesValue</td>
<td>0</td>
<td></td>
</tr>
<tr>
<td title='edu.upenn.cis.ppod.model.ChromatogramTest.setBytesValue()'>setBytesValue</td>
<td>0</td>
<td></td>
</tr>
<tr>
<td title='edu.upenn.cis.ppod.model.MolecularStateMatrixTest.setCharacters()'>setCharacters</td>
<td>0</td>
<td></td>
</tr>
<tr>
<td title='edu.upenn.cis.ppod.model.CharacterStateMatrixTest.setCharacters()'>setCharacters</td>
<td>0</td>
<td></td>
</tr>
<tr>
<td title='edu.upenn.cis.ppod.model.CharacterStateMatrixTest.setCharactersW2EqualsCharacters()'>setCharactersW2EqualsCharacters</td>
<td>0</td>
<td><div><pre>java.lang.IllegalArgumentException: two characters are the same character0 at positions 0 and 0
	at com.google.common.base.Preconditions.checkArgument(Preconditions.java:84)
	at edu.upenn.cis.ppod.model.Matrix.setCharacters(CharacterStateMatrix.java:555)
	at edu.upenn.cis.ppod.model.CharacterStateMatrixTest.setCharactersW2EqualsCharacters(CharacterStateMatrixTest.java:362)
... Removed 22 stack frames</pre></div><a href='#' onClick='toggleBox("stack-trace2039197494", this, "Click to show all stack frames", "Click to hide stack frames")'>Click to show all stack frames</a>
<div class='stack-trace' id='stack-trace2039197494'><pre>java.lang.IllegalArgumentException: two characters are the same character0 at positions 0 and 0
	at com.google.common.base.Preconditions.checkArgument(Preconditions.java:84)
	at edu.upenn.cis.ppod.model.Matrix.setCharacters(CharacterStateMatrix.java:555)
	at edu.upenn.cis.ppod.model.CharacterStateMatrixTest.setCharactersW2EqualsCharacters(CharacterStateMatrixTest.java:362)
	at sun.reflect.NativeMethodAccessorImpl.invoke0(Native Method)
	at sun.reflect.NativeMethodAccessorImpl.invoke(NativeMethodAccessorImpl.java:39)
	at sun.reflect.DelegatingMethodAccessorImpl.invoke(DelegatingMethodAccessorImpl.java:25)
	at java.lang.reflect.Method.invoke(Method.java:597)
	at org.testng.internal.MethodHelper.invokeMethod(MethodHelper.java:607)
	at org.testng.internal.Invoker.invokeMethod(Invoker.java:517)
	at org.testng.internal.Invoker.invokeTestMethod(Invoker.java:669)
	at org.testng.internal.Invoker.invokeTestMethods(Invoker.java:956)
	at org.testng.internal.TestMethodWorker.invokeTestMethods(TestMethodWorker.java:126)
	at org.testng.internal.TestMethodWorker.run(TestMethodWorker.java:110)
	at org.testng.TestRunner.runWorkers(TestRunner.java:759)
	at org.testng.TestRunner.privateRun(TestRunner.java:592)
	at org.testng.TestRunner.run(TestRunner.java:486)
	at org.testng.SuiteRunner.runTest(SuiteRunner.java:332)
	at org.testng.SuiteRunner.runSequentially(SuiteRunner.java:327)
	at org.testng.SuiteRunner.privateRun(SuiteRunner.java:299)
	at org.testng.SuiteRunner.run(SuiteRunner.java:204)
	at org.testng.TestNG.createAndRunSuiteRunners(TestNG.java:877)
	at org.testng.TestNG.runSuitesLocally(TestNG.java:842)
	at org.testng.TestNG.run(TestNG.java:751)
	at org.testng.remote.RemoteTestNG.run(RemoteTestNG.java:73)
	at org.testng.remote.RemoteTestNG.main(RemoteTestNG.java:124)
</pre></div></td>
</tr>
<tr>
<td title='edu.upenn.cis.ppod.model.CharacterStateMatrixTest.setCharactersWithEqualsCharacters()'>setCharactersWithEqualsCharacters</td>
<td>0</td>
<td></td>
</tr>
<tr>
<td title='edu.upenn.cis.ppod.model.CharacterStateMatrixTest.setColumnPPodVersionInfos()'>setColumnPPodVersionInfos</td>
<td>0</td>
<td></td>
</tr>
<tr>
<td title='edu.upenn.cis.ppod.model.OTUSetTest.setDNASequenceSets()'>setDNASequenceSets</td>
<td>0</td>
<td></td>
</tr>
<tr>
<td title='edu.upenn.cis.ppod.model.MolecularSequenceTest.setDescription()'>setDescription</td>
<td>0</td>
<td></td>
</tr>
<tr>
<td title='edu.upenn.cis.ppod.model.OTUSetTest.setDescription()'>setDescription</td>
<td>0</td>
<td></td>
</tr>
<tr>
<td title='edu.upenn.cis.ppod.model.CharacterStateMatrixTest.setDescription()'>setDescription</td>
<td>0</td>
<td></td>
</tr>
<tr>
<td title='edu.upenn.cis.ppod.model.MolecularSequenceTest.setInNeedOfNewPPodVersion()'>setInNeedOfNewPPodVersion</td>
<td>0</td>
<td></td>
</tr>
<tr>
<td title='edu.upenn.cis.ppod.model.MolecularSequenceTest.setName()'>setName</td>
<td>0</td>
<td></td>
</tr>
<tr>
<td title='edu.upenn.cis.ppod.model.CharacterStateMatrixTest.setOTUsWReorderedOTUs()'>setOTUsWReorderedOTUs</td>
<td>0</td>
<td></td>
</tr>
<tr>
<td title='edu.upenn.cis.ppod.model.CharacterStateMatrixTest.setOTUsWSameOTUs()'>setOTUsWSameOTUs</td>
<td>0</td>
<td></td>
</tr>
<tr>
<td title='edu.upenn.cis.ppod.model.CharacterStateMatrixTest.setOTUsWithLessOTUs()'>setOTUsWithLessOTUs</td>
<td>0</td>
<td></td>
</tr>
<tr>
<td title='edu.upenn.cis.ppod.model.MolecularSequenceTest.setSequence()'>setSequence</td>
<td>0</td>
<td></td>
</tr>
<tr>
<td title='edu.upenn.cis.ppod.model.MolecularSequenceTest.setSequenceWithAnIllegalCharacter()'>setSequenceWithAnIllegalCharacter</td>
<td>0</td>
<td><div><pre>java.lang.IllegalArgumentException: Position 4 is [l] which is not a legal DNA char
	at edu.upenn.cis.ppod.model.Sequence.setSequence(Sequence.java:194)
	at edu.upenn.cis.ppod.model.MolecularSequenceTest.setSequenceWithAnIllegalCharacter(MolecularSequenceTest.java:72)
... Removed 22 stack frames</pre></div><a href='#' onClick='toggleBox("stack-trace2109873870", this, "Click to show all stack frames", "Click to hide stack frames")'>Click to show all stack frames</a>
<div class='stack-trace' id='stack-trace2109873870'><pre>java.lang.IllegalArgumentException: Position 4 is [l] which is not a legal DNA char
	at edu.upenn.cis.ppod.model.Sequence.setSequence(Sequence.java:194)
	at edu.upenn.cis.ppod.model.MolecularSequenceTest.setSequenceWithAnIllegalCharacter(MolecularSequenceTest.java:72)
	at sun.reflect.NativeMethodAccessorImpl.invoke0(Native Method)
	at sun.reflect.NativeMethodAccessorImpl.invoke(NativeMethodAccessorImpl.java:39)
	at sun.reflect.DelegatingMethodAccessorImpl.invoke(DelegatingMethodAccessorImpl.java:25)
	at java.lang.reflect.Method.invoke(Method.java:597)
	at org.testng.internal.MethodHelper.invokeMethod(MethodHelper.java:607)
	at org.testng.internal.Invoker.invokeMethod(Invoker.java:517)
	at org.testng.internal.Invoker.invokeTestMethod(Invoker.java:669)
	at org.testng.internal.Invoker.invokeTestMethods(Invoker.java:956)
	at org.testng.internal.TestMethodWorker.invokeTestMethods(TestMethodWorker.java:126)
	at org.testng.internal.TestMethodWorker.run(TestMethodWorker.java:110)
	at org.testng.TestRunner.runWorkers(TestRunner.java:759)
	at org.testng.TestRunner.privateRun(TestRunner.java:592)
	at org.testng.TestRunner.run(TestRunner.java:486)
	at org.testng.SuiteRunner.runTest(SuiteRunner.java:332)
	at org.testng.SuiteRunner.runSequentially(SuiteRunner.java:327)
	at org.testng.SuiteRunner.privateRun(SuiteRunner.java:299)
	at org.testng.SuiteRunner.run(SuiteRunner.java:204)
	at org.testng.TestNG.createAndRunSuiteRunners(TestNG.java:877)
	at org.testng.TestNG.runSuitesLocally(TestNG.java:842)
	at org.testng.TestNG.run(TestNG.java:751)
	at org.testng.remote.RemoteTestNG.run(RemoteTestNG.java:73)
	at org.testng.remote.RemoteTestNG.main(RemoteTestNG.java:124)
</pre></div></td>
</tr>
<tr>
<td title='edu.upenn.cis.ppod.model.CharacterStateCellTest.setStatesForACellThatDoesNotBelongToARow()'>setStatesForACellThatDoesNotBelongToARow</td>
<td>0</td>
<td><div><pre>java.lang.IllegalStateException: this cell has not been assigned a row
	at com.google.common.base.Preconditions.checkState(Preconditions.java:139)
	at edu.upenn.cis.ppod.model.Cell.checkIncomingState(CharacterStateCell.java:234)
	at edu.upenn.cis.ppod.model.Cell.setTypeAndStates(CharacterStateCell.java:546)
	at edu.upenn.cis.ppod.model.Cell.setSingleState(CharacterStateCell.java:507)
	at edu.upenn.cis.ppod.model.CharacterStateCellTest.setStatesForACellThatDoesNotBelongToARow(CharacterStateCellTest.java:121)
... Removed 22 stack frames</pre></div><a href='#' onClick='toggleBox("stack-trace1616586953", this, "Click to show all stack frames", "Click to hide stack frames")'>Click to show all stack frames</a>
<div class='stack-trace' id='stack-trace1616586953'><pre>java.lang.IllegalStateException: this cell has not been assigned a row
	at com.google.common.base.Preconditions.checkState(Preconditions.java:139)
	at edu.upenn.cis.ppod.model.Cell.checkIncomingState(CharacterStateCell.java:234)
	at edu.upenn.cis.ppod.model.Cell.setTypeAndStates(CharacterStateCell.java:546)
	at edu.upenn.cis.ppod.model.Cell.setSingleState(CharacterStateCell.java:507)
	at edu.upenn.cis.ppod.model.CharacterStateCellTest.setStatesForACellThatDoesNotBelongToARow(CharacterStateCellTest.java:121)
	at sun.reflect.NativeMethodAccessorImpl.invoke0(Native Method)
	at sun.reflect.NativeMethodAccessorImpl.invoke(NativeMethodAccessorImpl.java:39)
	at sun.reflect.DelegatingMethodAccessorImpl.invoke(DelegatingMethodAccessorImpl.java:25)
	at java.lang.reflect.Method.invoke(Method.java:597)
	at org.testng.internal.MethodHelper.invokeMethod(MethodHelper.java:607)
	at org.testng.internal.Invoker.invokeMethod(Invoker.java:517)
	at org.testng.internal.Invoker.invokeTestMethod(Invoker.java:669)
	at org.testng.internal.Invoker.invokeTestMethods(Invoker.java:956)
	at org.testng.internal.TestMethodWorker.invokeTestMethods(TestMethodWorker.java:126)
	at org.testng.internal.TestMethodWorker.run(TestMethodWorker.java:110)
	at org.testng.TestRunner.runWorkers(TestRunner.java:759)
	at org.testng.TestRunner.privateRun(TestRunner.java:592)
	at org.testng.TestRunner.run(TestRunner.java:486)
	at org.testng.SuiteRunner.runTest(SuiteRunner.java:332)
	at org.testng.SuiteRunner.runSequentially(SuiteRunner.java:327)
	at org.testng.SuiteRunner.privateRun(SuiteRunner.java:299)
	at org.testng.SuiteRunner.run(SuiteRunner.java:204)
	at org.testng.TestNG.createAndRunSuiteRunners(TestNG.java:877)
	at org.testng.TestNG.runSuitesLocally(TestNG.java:842)
	at org.testng.TestNG.run(TestNG.java:751)
	at org.testng.remote.RemoteTestNG.run(RemoteTestNG.java:73)
	at org.testng.remote.RemoteTestNG.main(RemoteTestNG.java:124)
</pre></div></td>
</tr>
<tr>
<td title='edu.upenn.cis.ppod.model.OTUSetTest.setTreeSets()'>setTreeSets</td>
<td>0</td>
<td></td>
</tr>
<tr>
<td title='edu.upenn.cis.ppod.model.CharacterStateCellTest.setTypeAndStatesFromPolymorhpicToInapplicable()'>setTypeAndStatesFromPolymorhpicToInapplicable</td>
<td>0</td>
<td></td>
</tr>
<tr>
<td title='edu.upenn.cis.ppod.model.CharacterStateCellTest.setTypeAndStatesFromSingleToInapplicable()'>setTypeAndStatesFromSingleToInapplicable</td>
<td>0</td>
<td></td>
</tr>
<tr>
<td title='edu.upenn.cis.ppod.model.CharacterStateCellTest.setTypeAndStatesInapplicable()'>setTypeAndStatesInapplicable</td>
<td>0</td>
<td></td>
</tr>
<tr>
<td title='edu.upenn.cis.ppod.model.CharacterStateCellTest.setTypeAndStatesPolymorphic()'>setTypeAndStatesPolymorphic</td>
<td>0</td>
<td></td>
</tr>
<tr>
<td title='edu.upenn.cis.ppod.model.CharacterStateCellTest.setTypeAndStatesPolymorphicTooFewStates()'>setTypeAndStatesPolymorphicTooFewStates</td>
<td>0</td>
<td><div><pre>java.lang.IllegalArgumentException: polymorphic states must be &gt; 1
	at com.google.common.base.Preconditions.checkArgument(Preconditions.java:84)
	at edu.upenn.cis.ppod.model.Cell.setPolymorphicStates(CharacterStateCell.java:461)
	at edu.upenn.cis.ppod.model.CharacterStateCellTest.setTypeAndStatesPolymorphicTooFewStates(CharacterStateCellTest.java:210)
... Removed 22 stack frames</pre></div><a href='#' onClick='toggleBox("stack-trace1785326922", this, "Click to show all stack frames", "Click to hide stack frames")'>Click to show all stack frames</a>
<div class='stack-trace' id='stack-trace1785326922'><pre>java.lang.IllegalArgumentException: polymorphic states must be &gt; 1
	at com.google.common.base.Preconditions.checkArgument(Preconditions.java:84)
	at edu.upenn.cis.ppod.model.Cell.setPolymorphicStates(CharacterStateCell.java:461)
	at edu.upenn.cis.ppod.model.CharacterStateCellTest.setTypeAndStatesPolymorphicTooFewStates(CharacterStateCellTest.java:210)
	at sun.reflect.NativeMethodAccessorImpl.invoke0(Native Method)
	at sun.reflect.NativeMethodAccessorImpl.invoke(NativeMethodAccessorImpl.java:39)
	at sun.reflect.DelegatingMethodAccessorImpl.invoke(DelegatingMethodAccessorImpl.java:25)
	at java.lang.reflect.Method.invoke(Method.java:597)
	at org.testng.internal.MethodHelper.invokeMethod(MethodHelper.java:607)
	at org.testng.internal.Invoker.invokeMethod(Invoker.java:517)
	at org.testng.internal.Invoker.invokeTestMethod(Invoker.java:669)
	at org.testng.internal.Invoker.invokeTestMethods(Invoker.java:956)
	at org.testng.internal.TestMethodWorker.invokeTestMethods(TestMethodWorker.java:126)
	at org.testng.internal.TestMethodWorker.run(TestMethodWorker.java:110)
	at org.testng.TestRunner.runWorkers(TestRunner.java:759)
	at org.testng.TestRunner.privateRun(TestRunner.java:592)
	at org.testng.TestRunner.run(TestRunner.java:486)
	at org.testng.SuiteRunner.runTest(SuiteRunner.java:332)
	at org.testng.SuiteRunner.runSequentially(SuiteRunner.java:327)
	at org.testng.SuiteRunner.privateRun(SuiteRunner.java:299)
	at org.testng.SuiteRunner.run(SuiteRunner.java:204)
	at org.testng.TestNG.createAndRunSuiteRunners(TestNG.java:877)
	at org.testng.TestNG.runSuitesLocally(TestNG.java:842)
	at org.testng.TestNG.run(TestNG.java:751)
	at org.testng.remote.RemoteTestNG.run(RemoteTestNG.java:73)
	at org.testng.remote.RemoteTestNG.main(RemoteTestNG.java:124)
</pre></div></td>
</tr>
<tr>
<td title='edu.upenn.cis.ppod.model.CharacterStateCellTest.setTypeAndStatesSingle()'>setTypeAndStatesSingle</td>
<td>0</td>
<td></td>
</tr>
<tr>
<td title='edu.upenn.cis.ppod.model.CharacterStateCellTest.setTypeAndStatesUnassigned()'>setTypeAndStatesUnassigned</td>
<td>0</td>
<td></td>
</tr>
<tr>
<td title='edu.upenn.cis.ppod.model.CharacterStateCellTest.setTypeAndStatesUncertainTooFewStates()'>setTypeAndStatesUncertainTooFewStates</td>
<td>0</td>
<td><div><pre>java.lang.IllegalArgumentException: uncertain states must be &gt; 1
	at com.google.common.base.Preconditions.checkArgument(Preconditions.java:84)
	at edu.upenn.cis.ppod.model.Cell.setUncertainStates(CharacterStateCell.java:598)
	at edu.upenn.cis.ppod.model.CharacterStateCellTest.setTypeAndStatesUncertainTooFewStates(CharacterStateCellTest.java:228)
... Removed 22 stack frames</pre></div><a href='#' onClick='toggleBox("stack-trace651497704", this, "Click to show all stack frames", "Click to hide stack frames")'>Click to show all stack frames</a>
<div class='stack-trace' id='stack-trace651497704'><pre>java.lang.IllegalArgumentException: uncertain states must be &gt; 1
	at com.google.common.base.Preconditions.checkArgument(Preconditions.java:84)
	at edu.upenn.cis.ppod.model.Cell.setUncertainStates(CharacterStateCell.java:598)
	at edu.upenn.cis.ppod.model.CharacterStateCellTest.setTypeAndStatesUncertainTooFewStates(CharacterStateCellTest.java:228)
	at sun.reflect.NativeMethodAccessorImpl.invoke0(Native Method)
	at sun.reflect.NativeMethodAccessorImpl.invoke(NativeMethodAccessorImpl.java:39)
	at sun.reflect.DelegatingMethodAccessorImpl.invoke(DelegatingMethodAccessorImpl.java:25)
	at java.lang.reflect.Method.invoke(Method.java:597)
	at org.testng.internal.MethodHelper.invokeMethod(MethodHelper.java:607)
	at org.testng.internal.Invoker.invokeMethod(Invoker.java:517)
	at org.testng.internal.Invoker.invokeTestMethod(Invoker.java:669)
	at org.testng.internal.Invoker.invokeTestMethods(Invoker.java:956)
	at org.testng.internal.TestMethodWorker.invokeTestMethods(TestMethodWorker.java:126)
	at org.testng.internal.TestMethodWorker.run(TestMethodWorker.java:110)
	at org.testng.TestRunner.runWorkers(TestRunner.java:759)
	at org.testng.TestRunner.privateRun(TestRunner.java:592)
	at org.testng.TestRunner.run(TestRunner.java:486)
	at org.testng.SuiteRunner.runTest(SuiteRunner.java:332)
	at org.testng.SuiteRunner.runSequentially(SuiteRunner.java:327)
	at org.testng.SuiteRunner.privateRun(SuiteRunner.java:299)
	at org.testng.SuiteRunner.run(SuiteRunner.java:204)
	at org.testng.TestNG.createAndRunSuiteRunners(TestNG.java:877)
	at org.testng.TestNG.runSuitesLocally(TestNG.java:842)
	at org.testng.TestNG.run(TestNG.java:751)
	at org.testng.remote.RemoteTestNG.run(RemoteTestNG.java:73)
	at org.testng.remote.RemoteTestNG.main(RemoteTestNG.java:124)
</pre></div></td>
</tr>
<tr>
<td title='edu.upenn.cis.ppod.model.CharacterStateCellTest.setUncertainStates()'>setUncertainStates</td>
<td>0</td>
<td></td>
</tr>
<tr>
<td title='edu.upenn.cis.ppod.model.CharacterStateMatrixTest.setWithSameRow()'>setWithSameRow</td>
<td>0</td>
<td></td>
</tr>
<tr>
<td title='edu.upenn.cis.ppod.FactorySetup.succeed()'>succeed</td>
<td>0</td>
<td></td>
</tr>
<tr>
<td title='edu.upenn.cis.ppod.model.DNASequenceTest.testIsLegal()'>testIsLegal</td>
<td>0</td>
<td></td>
</tr>
<tr>
<td title='edu.upenn.cis.ppod.model.DNASequenceTest.testIsLegalShouldReturnFalse()'>testIsLegalShouldReturnFalse</td>
<td>0</td>
<td></td>
</tr>
</table><p>
</body>
</html>