<testng-results>
  <reporter-output>
  </reporter-output>
  <suite name="PPod Fast Tests">
    <groups>
      <group name="init">
        <method signature="edu.upenn.cis.ppod.model.MolecularSequenceTest.setInNeedOfNewPPodVersion()" name="setInNeedOfNewPPodVersion" class="edu.upenn.cis.ppod.model.MolecularSequenceTest"/>
        <method signature="edu.upenn.cis.ppod.FactorySetup.succeed()" name="succeed" class="edu.upenn.cis.ppod.FactorySetup"/>
        <method signature="edu.upenn.cis.ppod.model.AttachmentTest.setBytesValue()" name="setBytesValue" class="edu.upenn.cis.ppod.model.AttachmentTest"/>
        <method signature="edu.upenn.cis.ppod.model.MolecularSequenceTest.setSequenceWithAnIllegalCharacter()" name="setSequenceWithAnIllegalCharacter" class="edu.upenn.cis.ppod.model.MolecularSequenceTest"/>
        <method signature="edu.upenn.cis.ppod.model.MolecularSequenceTest.setAccession()" name="setAccession" class="edu.upenn.cis.ppod.model.MolecularSequenceTest"/>
        <method signature="edu.upenn.cis.ppod.model.MolecularSequenceTest.setName()" name="setName" class="edu.upenn.cis.ppod.model.MolecularSequenceTest"/>
        <method signature="edu.upenn.cis.ppod.model.OTUsToMolecularSequencesTest.putHelperTest()" name="putHelperTest" class="edu.upenn.cis.ppod.model.OTUsToMolecularSequencesTest"/>
        <method signature="edu.upenn.cis.ppod.model.OTUsToMolecularSequencesTest.putHelperTestReplaceASequence()" name="putHelperTestReplaceASequence" class="edu.upenn.cis.ppod.model.OTUsToMolecularSequencesTest"/>
        <method signature="edu.upenn.cis.ppod.model.MolecularSequenceTest.setSequence()" name="setSequence" class="edu.upenn.cis.ppod.model.MolecularSequenceTest"/>
        <method signature="edu.upenn.cis.ppod.model.MolecularSequenceTest.setDescription()" name="setDescription" class="edu.upenn.cis.ppod.model.MolecularSequenceTest"/>
      </group>
      <group name="fast">
        <method signature="edu.upenn.cis.ppod.model.DNASequenceTest.testIsLegalShouldReturnFalse()" name="testIsLegalShouldReturnFalse" class="edu.upenn.cis.ppod.model.DNASequenceTest"/>
        <method signature="edu.upenn.cis.ppod.model.DNASequenceTest.testIsLegal()" name="testIsLegal" class="edu.upenn.cis.ppod.model.DNASequenceTest"/>
        <method signature="edu.upenn.cis.ppod.model.MolecularSequenceTest.setInNeedOfNewPPodVersion()" name="setInNeedOfNewPPodVersion" class="edu.upenn.cis.ppod.model.MolecularSequenceTest"/>
        <method signature="edu.upenn.cis.ppod.saveorupdate.SaveOrUpdateCharacterStateMatrixTest.moveCharacters(edu.upenn.cis.ppod.model.Matrix)" name="moveCharacters" class="edu.upenn.cis.ppod.saveorupdate.SaveOrUpdateCharacterStateMatrixTest"/>
        <method signature="edu.upenn.cis.ppod.saveorupdate.SaveOrUpdateCharacterStateMatrixTest.save(edu.upenn.cis.ppod.model.Matrix)" name="save" class="edu.upenn.cis.ppod.saveorupdate.SaveOrUpdateCharacterStateMatrixTest"/>
        <method signature="edu.upenn.cis.ppod.model.AttachmentTest.setBytesValue()" name="setBytesValue" class="edu.upenn.cis.ppod.model.AttachmentTest"/>
        <method signature="edu.upenn.cis.ppod.model.MolecularSequenceTest.setSequenceWithAnIllegalCharacter()" name="setSequenceWithAnIllegalCharacter" class="edu.upenn.cis.ppod.model.MolecularSequenceTest"/>
        <method signature="edu.upenn.cis.ppod.model.MolecularSequenceTest.setAccession()" name="setAccession" class="edu.upenn.cis.ppod.model.MolecularSequenceTest"/>
        <method signature="edu.upenn.cis.ppod.model.MolecularSequenceTest.setName()" name="setName" class="edu.upenn.cis.ppod.model.MolecularSequenceTest"/>
        <method signature="edu.upenn.cis.ppod.saveorupdate.MergeAttachmentTest.mergeOnBlankTarget()" name="mergeOnBlankTarget" class="edu.upenn.cis.ppod.saveorupdate.MergeAttachmentTest"/>
        <method signature="edu.upenn.cis.ppod.model.OTUsToMolecularSequencesTest.putHelperTest()" name="putHelperTest" class="edu.upenn.cis.ppod.model.OTUsToMolecularSequencesTest"/>
        <method signature="edu.upenn.cis.ppod.saveorupdate.SaveOrUpdateCharacterStateMatrixTest.moveRows(edu.upenn.cis.ppod.model.Matrix)" name="moveRows" class="edu.upenn.cis.ppod.saveorupdate.SaveOrUpdateCharacterStateMatrixTest"/>
        <method signature="edu.upenn.cis.ppod.saveorupdate.SaveOrUpdateCharacterStateMatrixTest.deleteCharacter(edu.upenn.cis.ppod.model.Matrix)" name="deleteCharacter" class="edu.upenn.cis.ppod.saveorupdate.SaveOrUpdateCharacterStateMatrixTest"/>
        <method signature="edu.upenn.cis.ppod.model.OTUsToMolecularSequencesTest.putHelperTestReplaceASequence()" name="putHelperTestReplaceASequence" class="edu.upenn.cis.ppod.model.OTUsToMolecularSequencesTest"/>
        <method signature="edu.upenn.cis.ppod.model.MolecularSequenceTest.setSequence()" name="setSequence" class="edu.upenn.cis.ppod.model.MolecularSequenceTest"/>
        <method signature="edu.upenn.cis.ppod.model.MolecularSequenceTest.setDescription()" name="setDescription" class="edu.upenn.cis.ppod.model.MolecularSequenceTest"/>
        <method signature="edu.upenn.cis.ppod.model.CharacterStateMatrixTest.setOTUsWSameOTUs()" name="setOTUsWSameOTUs" class="edu.upenn.cis.ppod.model.CharacterStateMatrixTest"/>
        <method signature="edu.upenn.cis.ppod.model.PPodEntityTest.addAttachment()" name="addAttachment" class="edu.upenn.cis.ppod.model.PPodEntityTest"/>
        <method signature="edu.upenn.cis.ppod.model.CharacterStateRowTest.addCellToMatrixWTooFewCharacters()" name="addCellToMatrixWTooFewCharacters" class="edu.upenn.cis.ppod.model.CharacterStateRowTest"/>
        <method signature="edu.upenn.cis.ppod.model.OTUSetTest.removeOTU()" name="removeOTU" class="edu.upenn.cis.ppod.model.OTUSetTest"/>
        <method signature="edu.upenn.cis.ppod.model.CharacterStateCellTest.setUncertainStates()" name="setUncertainStates" class="edu.upenn.cis.ppod.model.CharacterStateCellTest"/>
        <method signature="edu.upenn.cis.ppod.model.CharacterStateMatrixTest.beforeMarshal()" name="beforeMarshal" class="edu.upenn.cis.ppod.model.CharacterStateMatrixTest"/>
        <method signature="edu.upenn.cis.ppod.model.CharacterStateMatrixTest.replaceCharacters()" name="replaceCharacters" class="edu.upenn.cis.ppod.model.CharacterStateMatrixTest"/>
        <method signature="edu.upenn.cis.ppod.model.CharacterStateMatrixTest.setCharactersWithEqualsCharacters()" name="setCharactersWithEqualsCharacters" class="edu.upenn.cis.ppod.model.CharacterStateMatrixTest"/>
        <method signature="edu.upenn.cis.ppod.model.OTUSetTest.clearOTUs()" name="clearOTUs" class="edu.upenn.cis.ppod.model.OTUSetTest"/>
        <method signature="edu.upenn.cis.ppod.model.OTUSetTest.addOTU()" name="addOTU" class="edu.upenn.cis.ppod.model.OTUSetTest"/>
        <method signature="edu.upenn.cis.ppod.model.PPodEntityTest.beforeMarahal()" name="beforeMarahal" class="edu.upenn.cis.ppod.model.PPodEntityTest"/>
        <method signature="edu.upenn.cis.ppod.model.CharacterStateCellTest.beforeMarshalBeforeTypeHasBeenSet()" name="beforeMarshalBeforeTypeHasBeenSet" class="edu.upenn.cis.ppod.model.CharacterStateCellTest"/>
        <method signature="edu.upenn.cis.ppod.model.CharacterStateCellTest.beforeMarshal()" name="beforeMarshal" class="edu.upenn.cis.ppod.model.CharacterStateCellTest"/>
        <method signature="edu.upenn.cis.ppod.model.CharacterStateMatrixTest.setOTUsWithLessOTUs()" name="setOTUsWithLessOTUs" class="edu.upenn.cis.ppod.model.CharacterStateMatrixTest"/>
        <method signature="edu.upenn.cis.ppod.model.CharacterStateCellTest.setTypeAndStatesPolymorphic()" name="setTypeAndStatesPolymorphic" class="edu.upenn.cis.ppod.model.CharacterStateCellTest"/>
        <method signature="edu.upenn.cis.ppod.model.MolecularStateMatrixTest.setCharacters()" name="setCharacters" class="edu.upenn.cis.ppod.model.MolecularStateMatrixTest"/>
        <method signature="edu.upenn.cis.ppod.model.OTUSetTest.setTreeSets()" name="setTreeSets" class="edu.upenn.cis.ppod.model.OTUSetTest"/>
        <method signature="edu.upenn.cis.ppod.model.CharacterStateMatrixTest.setColumnPPodVersionInfos()" name="setColumnPPodVersionInfos" class="edu.upenn.cis.ppod.model.CharacterStateMatrixTest"/>
        <method signature="edu.upenn.cis.ppod.model.CharacterStateCellTest.setTypeAndStatesFromPolymorhpicToInapplicable()" name="setTypeAndStatesFromPolymorhpicToInapplicable" class="edu.upenn.cis.ppod.model.CharacterStateCellTest"/>
        <method signature="edu.upenn.cis.ppod.model.OTUSetTest.setDNASequenceSets()" name="setDNASequenceSets" class="edu.upenn.cis.ppod.model.OTUSetTest"/>
        <method signature="edu.upenn.cis.ppod.model.CharacterStateRowTest.addCellToMatrixThatHasNoCharacters()" name="addCellToMatrixThatHasNoCharacters" class="edu.upenn.cis.ppod.model.CharacterStateRowTest"/>
        <method signature="edu.upenn.cis.ppod.model.ChromatogramTest.setBytesValue()" name="setBytesValue" class="edu.upenn.cis.ppod.model.ChromatogramTest"/>
        <method signature="edu.upenn.cis.ppod.model.CharacterStateCellTest.getStatesWhenCellHasMultipleStates()" name="getStatesWhenCellHasMultipleStates" class="edu.upenn.cis.ppod.model.CharacterStateCellTest"/>
        <method signature="edu.upenn.cis.ppod.model.OTUSetTest.resetWhenNotInNeedOfNewPPodVersionInfo()" name="resetWhenNotInNeedOfNewPPodVersionInfo" class="edu.upenn.cis.ppod.model.OTUSetTest"/>
        <method signature="edu.upenn.cis.ppod.model.PPodEntityTest.removeAttachment()" name="removeAttachment" class="edu.upenn.cis.ppod.model.PPodEntityTest"/>
        <method signature="edu.upenn.cis.ppod.model.OTUSetTest.addOTUWDuplicateLabel()" name="addOTUWDuplicateLabel" class="edu.upenn.cis.ppod.model.OTUSetTest"/>
        <method signature="edu.upenn.cis.ppod.model.CharacterStateMatrixTest.setWithSameRow()" name="setWithSameRow" class="edu.upenn.cis.ppod.model.CharacterStateMatrixTest"/>
        <method signature="edu.upenn.cis.ppod.model.CharacterStateMatrixTest.moveCharacter()" name="moveCharacter" class="edu.upenn.cis.ppod.model.CharacterStateMatrixTest"/>
        <method signature="edu.upenn.cis.ppod.model.OTUSetTest.removeMatrix()" name="removeMatrix" class="edu.upenn.cis.ppod.model.OTUSetTest"/>
        <method signature="edu.upenn.cis.ppod.model.OTUSetTest.addOTUWAlreadyContainedOTU()" name="addOTUWAlreadyContainedOTU" class="edu.upenn.cis.ppod.model.OTUSetTest"/>
        <method signature="edu.upenn.cis.ppod.model.CharacterStateRowTest.addCellToMatrixWOneCharacter()" name="addCellToMatrixWOneCharacter" class="edu.upenn.cis.ppod.model.CharacterStateRowTest"/>
        <method signature="edu.upenn.cis.ppod.model.DNAStateTest.of()" name="of" class="edu.upenn.cis.ppod.model.DNAStateTest"/>
        <method signature="edu.upenn.cis.ppod.model.DNAStateTest.ofIllegalArg()" name="ofIllegalArg" class="edu.upenn.cis.ppod.model.DNAStateTest"/>
        <method signature="edu.upenn.cis.ppod.model.OTUSetTest.setDescription()" name="setDescription" class="edu.upenn.cis.ppod.model.OTUSetTest"/>
        <method signature="edu.upenn.cis.ppod.model.CharacterStateMatrixTest.setCharactersW2EqualsCharacters()" name="setCharactersW2EqualsCharacters" class="edu.upenn.cis.ppod.model.CharacterStateMatrixTest"/>
        <method signature="edu.upenn.cis.ppod.model.CharacterStateCellTest.setTypeAndStatesSingle()" name="setTypeAndStatesSingle" class="edu.upenn.cis.ppod.model.CharacterStateCellTest"/>
        <method signature="edu.upenn.cis.ppod.model.CharacterStateCellTest.setTypeAndStatesInapplicable()" name="setTypeAndStatesInapplicable" class="edu.upenn.cis.ppod.model.CharacterStateCellTest"/>
        <method signature="edu.upenn.cis.ppod.model.CharacterStateCellTest.setTypeAndStatesPolymorphicTooFewStates()" name="setTypeAndStatesPolymorphicTooFewStates" class="edu.upenn.cis.ppod.model.CharacterStateCellTest"/>
        <method signature="edu.upenn.cis.ppod.model.CharacterStateCellTest.setTypeAndStatesUnassigned()" name="setTypeAndStatesUnassigned" class="edu.upenn.cis.ppod.model.CharacterStateCellTest"/>
        <method signature="edu.upenn.cis.ppod.model.CharacterStateMatrixTest.setDescription()" name="setDescription" class="edu.upenn.cis.ppod.model.CharacterStateMatrixTest"/>
        <method signature="edu.upenn.cis.ppod.model.CharacterStateMatrixTest.setCharacters()" name="setCharacters" class="edu.upenn.cis.ppod.model.CharacterStateMatrixTest"/>
        <method signature="edu.upenn.cis.ppod.model.CharacterStateRowTest.addCellToRowThatsNotInAMatrix()" name="addCellToRowThatsNotInAMatrix" class="edu.upenn.cis.ppod.model.CharacterStateRowTest"/>
        <method signature="edu.upenn.cis.ppod.model.CharacterStateCellTest.setTypeAndStatesUncertainTooFewStates()" name="setTypeAndStatesUncertainTooFewStates" class="edu.upenn.cis.ppod.model.CharacterStateCellTest"/>
        <method signature="edu.upenn.cis.ppod.model.CharacterStateMatrixTest.setOTUsWReorderedOTUs()" name="setOTUsWReorderedOTUs" class="edu.upenn.cis.ppod.model.CharacterStateMatrixTest"/>
        <method signature="edu.upenn.cis.ppod.model.OTUSetTest.removeTreeSet()" name="removeTreeSet" class="edu.upenn.cis.ppod.model.OTUSetTest"/>
        <method signature="edu.upenn.cis.ppod.model.PPodEntityTest.getMarshalled()" name="getMarshalled" class="edu.upenn.cis.ppod.model.PPodEntityTest"/>
        <method signature="edu.upenn.cis.ppod.model.CharacterStateCellTest.setTypeAndStatesFromSingleToInapplicable()" name="setTypeAndStatesFromSingleToInapplicable" class="edu.upenn.cis.ppod.model.CharacterStateCellTest"/>
        <method signature="edu.upenn.cis.ppod.model.CharacterStateCellTest.afterUnmarshal()" name="afterUnmarshal" class="edu.upenn.cis.ppod.model.CharacterStateCellTest"/>
        <method signature="edu.upenn.cis.ppod.model.CharacterStateCellTest.getStatesWhenCellHasOneState()" name="getStatesWhenCellHasOneState" class="edu.upenn.cis.ppod.model.CharacterStateCellTest"/>
        <method signature="edu.upenn.cis.ppod.model.CharacterStateMatrixTest.replaceRow()" name="replaceRow" class="edu.upenn.cis.ppod.model.CharacterStateMatrixTest"/>
        <method signature="edu.upenn.cis.ppod.model.CharacterStateCellTest.setStatesForACellThatDoesNotBelongToARow()" name="setStatesForACellThatDoesNotBelongToARow" class="edu.upenn.cis.ppod.model.CharacterStateCellTest"/>
      </group>
    </groups>
    <test name="fast">
      <class name="edu.upenn.cis.ppod.saveorupdate.SaveOrUpdateCharacterStateMatrixTest">
        <test-method status="PASS" signature="save(edu.upenn.cis.ppod.model.Matrix)" name="save" duration-ms="1418" started-at="2010-05-01T15:23:47Z" finished-at="2010-05-01T15:23:48Z">
          <params>
            <param index="0">
              <value>
                <![CDATA[UUPPodEntity(PPodEntity(PersistentObject(edu.upenn.cis.ppod.model.Matrix@50a5314id=nullversion=null)pPodVersionInfo=nullpPodVersion=null)pPodId=null)]]>
              </value>
            </param>
          </params>
        </test-method>
        <test-method status="PASS" signature="beforeMethod()" name="beforeMethod" is-config="true" duration-ms="0" started-at="2010-05-01T15:23:56Z" finished-at="2010-05-01T15:23:56Z">
        </test-method>
        <test-method status="PASS" signature="beforeMethod()" name="beforeMethod" is-config="true" duration-ms="0" started-at="2010-05-01T15:23:54Z" finished-at="2010-05-01T15:23:54Z">
        </test-method>
        <test-method status="PASS" signature="beforeMethod()" name="beforeMethod" is-config="true" duration-ms="0" started-at="2010-05-01T15:23:47Z" finished-at="2010-05-01T15:23:47Z">
        </test-method>
        <test-method status="PASS" signature="beforeMethod()" name="beforeMethod" is-config="true" duration-ms="1" started-at="2010-05-01T15:23:45Z" finished-at="2010-05-01T15:23:45Z">
        </test-method>
        <test-method status="PASS" signature="beforeMethod()" name="beforeMethod" is-config="true" duration-ms="0" started-at="2010-05-01T15:23:45Z" finished-at="2010-05-01T15:23:45Z">
        </test-method>
        <test-method status="PASS" signature="beforeMethod()" name="beforeMethod" is-config="true" duration-ms="0" started-at="2010-05-01T15:23:48Z" finished-at="2010-05-01T15:23:48Z">
        </test-method>
        <test-method status="PASS" signature="save(edu.upenn.cis.ppod.model.Matrix)" name="save" duration-ms="1112" started-at="2010-05-01T15:23:48Z" finished-at="2010-05-01T15:23:49Z">
          <params>
            <param index="0">
              <value>
                <![CDATA[UUPPodEntity(PPodEntity(PersistentObject(edu.upenn.cis.ppod.model.DNAMatrix@54a50a00id=nullversion=null)pPodVersionInfo=nullpPodVersion=null)pPodId=null)]]>
              </value>
            </param>
          </params>
        </test-method>
        <test-method status="PASS" signature="beforeMethod()" name="beforeMethod" is-config="true" duration-ms="1" started-at="2010-05-01T15:23:51Z" finished-at="2010-05-01T15:23:51Z">
        </test-method>
        <test-method status="PASS" signature="deleteCharacter(edu.upenn.cis.ppod.model.Matrix)" name="deleteCharacter" duration-ms="1634" started-at="2010-05-01T15:23:54Z" finished-at="2010-05-01T15:23:56Z">
          <params>
            <param index="0">
              <value>
                <![CDATA[UUPPodEntity(PPodEntity(PersistentObject(edu.upenn.cis.ppod.model.Matrix@772d4c88id=nullversion=null)pPodVersionInfo=nullpPodVersion=null)pPodId=null)]]>
              </value>
            </param>
          </params>
        </test-method>
        <test-method status="PASS" signature="moveCharacters(edu.upenn.cis.ppod.model.Matrix)" name="moveCharacters" duration-ms="864" started-at="2010-05-01T15:23:45Z" finished-at="2010-05-01T15:23:45Z">
          <params>
            <param index="0">
              <value>
                <![CDATA[UUPPodEntity(PPodEntity(PersistentObject(edu.upenn.cis.ppod.model.Matrix@77f6d2e3id=nullversion=null)pPodVersionInfo=nullpPodVersion=null)pPodId=null)]]>
              </value>
            </param>
          </params>
        </test-method>
        <test-method status="PASS" signature="beforeMethod()" name="beforeMethod" is-config="true" duration-ms="0" started-at="2010-05-01T15:23:51Z" finished-at="2010-05-01T15:23:51Z">
        </test-method>
        <test-method status="PASS" signature="moveCharacters(edu.upenn.cis.ppod.model.Matrix)" name="moveCharacters" duration-ms="4" started-at="2010-05-01T15:23:45Z" finished-at="2010-05-01T15:23:45Z">
          <params>
            <param index="0">
              <value>
                <![CDATA[UUPPodEntity(PPodEntity(PersistentObject(edu.upenn.cis.ppod.model.DNAMatrix@2d58497cid=nullversion=null)pPodVersionInfo=nullpPodVersion=null)pPodId=null)]]>
              </value>
            </param>
          </params>
        </test-method>
        <test-method status="PASS" signature="deleteCharacter(edu.upenn.cis.ppod.model.Matrix)" name="deleteCharacter" duration-ms="11" started-at="2010-05-01T15:23:56Z" finished-at="2010-05-01T15:23:56Z">
          <params>
            <param index="0">
              <value>
                <![CDATA[UUPPodEntity(PPodEntity(PersistentObject(edu.upenn.cis.ppod.model.DNAMatrix@8492903id=nullversion=null)pPodVersionInfo=nullpPodVersion=null)pPodId=null)]]>
              </value>
            </param>
          </params>
        </test-method>
        <test-method status="PASS" signature="moveRows(edu.upenn.cis.ppod.model.Matrix)" name="moveRows" duration-ms="610" started-at="2010-05-01T15:23:51Z" finished-at="2010-05-01T15:23:51Z">
          <params>
            <param index="0">
              <value>
                <![CDATA[UUPPodEntity(PPodEntity(PersistentObject(edu.upenn.cis.ppod.model.Matrix@2a23bf89id=nullversion=null)pPodVersionInfo=nullpPodVersion=null)pPodId=null)]]>
              </value>
            </param>
          </params>
        </test-method>
        <test-method status="PASS" signature="moveRows(edu.upenn.cis.ppod.model.Matrix)" name="moveRows" duration-ms="827" started-at="2010-05-01T15:23:51Z" finished-at="2010-05-01T15:23:52Z">
          <params>
            <param index="0">
              <value>
                <![CDATA[UUPPodEntity(PPodEntity(PersistentObject(edu.upenn.cis.ppod.model.DNAMatrix@4578b5d4id=nullversion=null)pPodVersionInfo=nullpPodVersion=null)pPodId=null)]]>
              </value>
            </param>
          </params>
        </test-method>
      </class>
      <class name="edu.upenn.cis.ppod.model.MolecularSequenceTest">
        <test-method status="PASS" signature="setName()" name="setName" duration-ms="14" started-at="2010-05-01T15:23:40Z" finished-at="2010-05-01T15:23:40Z">
        </test-method>
        <test-method status="PASS" signature="setSequence()" name="setSequence" duration-ms="3" started-at="2010-05-01T15:23:40Z" finished-at="2010-05-01T15:23:40Z">
        </test-method>
        <test-method status="PASS" signature="setDescription()" name="setDescription" duration-ms="7" started-at="2010-05-01T15:23:40Z" finished-at="2010-05-01T15:23:40Z">
        </test-method>
        <test-method status="PASS" signature="setAccession()" name="setAccession" duration-ms="21" started-at="2010-05-01T15:23:40Z" finished-at="2010-05-01T15:23:40Z">
        </test-method>
        <test-method status="PASS" signature="setInNeedOfNewPPodVersion()" name="setInNeedOfNewPPodVersion" duration-ms="69" started-at="2010-05-01T15:23:39Z" finished-at="2010-05-01T15:23:40Z">
        </test-method>
        <test-method status="PASS" signature="setSequenceWithAnIllegalCharacter()" name="setSequenceWithAnIllegalCharacter" duration-ms="4" started-at="2010-05-01T15:23:40Z" finished-at="2010-05-01T15:23:40Z">
          <exception class="java.lang.IllegalArgumentException">
            <message>
              <![CDATA[Position 4 is [l] which is not a legal DNA char]]>
            </message>
            <full-stacktrace>
              <![CDATA[java.lang.IllegalArgumentException: Position 4 is [l] which is not a legal DNA char
	at edu.upenn.cis.ppod.model.Sequence.setSequence(Sequence.java:194)
	at edu.upenn.cis.ppod.model.MolecularSequenceTest.setSequenceWithAnIllegalCharacter(MolecularSequenceTest.java:72)
	at sun.reflect.NativeMethodAccessorImpl.invoke0(Native Method)
	at sun.reflect.NativeMethodAccessorImpl.invoke(NativeMethodAccessorImpl.java:39)
	at sun.reflect.DelegatingMethodAccessorImpl.invoke(DelegatingMethodAccessorImpl.java:25)
	at java.lang.reflect.Method.invoke(Method.java:597)
	at org.testng.internal.MethodHelper.invokeMethod(MethodHelper.java:607)
	at org.testng.internal.Invoker.invokeMethod(Invoker.java:517)
	at org.testng.internal.Invoker.invokeTestMethod(Invoker.java:669)
	at org.testng.internal.Invoker.invokeTestMethods(Invoker.java:956)
	at org.testng.internal.TestMethodWorker.invokeTestMethods(TestMethodWorker.java:126)
	at org.testng.internal.TestMethodWorker.run(TestMethodWorker.java:110)
	at org.testng.TestRunner.runWorkers(TestRunner.java:759)
	at org.testng.TestRunner.privateRun(TestRunner.java:592)
	at org.testng.TestRunner.run(TestRunner.java:486)
	at org.testng.SuiteRunner.runTest(SuiteRunner.java:332)
	at org.testng.SuiteRunner.runSequentially(SuiteRunner.java:327)
	at org.testng.SuiteRunner.privateRun(SuiteRunner.java:299)
	at org.testng.SuiteRunner.run(SuiteRunner.java:204)
	at org.testng.TestNG.createAndRunSuiteRunners(TestNG.java:877)
	at org.testng.TestNG.runSuitesLocally(TestNG.java:842)
	at org.testng.TestNG.run(TestNG.java:751)
	at org.testng.remote.RemoteTestNG.run(RemoteTestNG.java:73)
	at org.testng.remote.RemoteTestNG.main(RemoteTestNG.java:124)
]]>
            </full-stacktrace>
          </exception>
        </test-method>
      </class>
      <class name="edu.upenn.cis.ppod.model.CharacterStateCellTest">
        <test-method status="PASS" signature="setUncertainStates()" name="setUncertainStates" duration-ms="11" depends-on-groups="init" started-at="2010-05-01T15:23:40Z" finished-at="2010-05-01T15:23:40Z">
        </test-method>
        <test-method status="PASS" signature="setTypeAndStatesFromSingleToInapplicable()" name="setTypeAndStatesFromSingleToInapplicable" duration-ms="5" depends-on-groups="init" started-at="2010-05-01T15:23:41Z" finished-at="2010-05-01T15:23:41Z">
        </test-method>
        <test-method status="PASS" signature="getStatesWhenCellHasOneState()" name="getStatesWhenCellHasOneState" duration-ms="6" depends-on-groups="init" started-at="2010-05-01T15:23:41Z" finished-at="2010-05-01T15:23:41Z">
        </test-method>
        <test-method status="PASS" signature="beforeMethod()" name="beforeMethod" is-config="true" duration-ms="6" started-at="2010-05-01T15:23:40Z" finished-at="2010-05-01T15:23:40Z">
        </test-method>
        <test-method status="PASS" signature="beforeMethod()" name="beforeMethod" is-config="true" duration-ms="3" started-at="2010-05-01T15:23:41Z" finished-at="2010-05-01T15:23:41Z">
        </test-method>
        <test-method status="PASS" signature="setTypeAndStatesPolymorphicTooFewStates()" name="setTypeAndStatesPolymorphicTooFewStates" duration-ms="4" depends-on-groups="init" started-at="2010-05-01T15:23:41Z" finished-at="2010-05-01T15:23:41Z">
          <exception class="java.lang.IllegalArgumentException">
            <message>
              <![CDATA[polymorphic states must be > 1]]>
            </message>
            <full-stacktrace>
              <![CDATA[java.lang.IllegalArgumentException: polymorphic states must be > 1
	at com.google.common.base.Preconditions.checkArgument(Preconditions.java:84)
	at edu.upenn.cis.ppod.model.Cell.setPolymorphicStates(CharacterStateCell.java:461)
	at edu.upenn.cis.ppod.model.CharacterStateCellTest.setTypeAndStatesPolymorphicTooFewStates(CharacterStateCellTest.java:210)
	at sun.reflect.NativeMethodAccessorImpl.invoke0(Native Method)
	at sun.reflect.NativeMethodAccessorImpl.invoke(NativeMethodAccessorImpl.java:39)
	at sun.reflect.DelegatingMethodAccessorImpl.invoke(DelegatingMethodAccessorImpl.java:25)
	at java.lang.reflect.Method.invoke(Method.java:597)
	at org.testng.internal.MethodHelper.invokeMethod(MethodHelper.java:607)
	at org.testng.internal.Invoker.invokeMethod(Invoker.java:517)
	at org.testng.internal.Invoker.invokeTestMethod(Invoker.java:669)
	at org.testng.internal.Invoker.invokeTestMethods(Invoker.java:956)
	at org.testng.internal.TestMethodWorker.invokeTestMethods(TestMethodWorker.java:126)
	at org.testng.internal.TestMethodWorker.run(TestMethodWorker.java:110)
	at org.testng.TestRunner.runWorkers(TestRunner.java:759)
	at org.testng.TestRunner.privateRun(TestRunner.java:592)
	at org.testng.TestRunner.run(TestRunner.java:486)
	at org.testng.SuiteRunner.runTest(SuiteRunner.java:332)
	at org.testng.SuiteRunner.runSequentially(SuiteRunner.java:327)
	at org.testng.SuiteRunner.privateRun(SuiteRunner.java:299)
	at org.testng.SuiteRunner.run(SuiteRunner.java:204)
	at org.testng.TestNG.createAndRunSuiteRunners(TestNG.java:877)
	at org.testng.TestNG.runSuitesLocally(TestNG.java:842)
	at org.testng.TestNG.run(TestNG.java:751)
	at org.testng.remote.RemoteTestNG.run(RemoteTestNG.java:73)
	at org.testng.remote.RemoteTestNG.main(RemoteTestNG.java:124)
]]>
            </full-stacktrace>
          </exception>
        </test-method>
        <test-method status="PASS" signature="beforeMethod()" name="beforeMethod" is-config="true" duration-ms="4" started-at="2010-05-01T15:23:40Z" finished-at="2010-05-01T15:23:40Z">
        </test-method>
        <test-method status="PASS" signature="beforeMethod()" name="beforeMethod" is-config="true" duration-ms="11" started-at="2010-05-01T15:23:41Z" finished-at="2010-05-01T15:23:41Z">
        </test-method>
        <test-method status="PASS" signature="getStatesWhenCellHasMultipleStates()" name="getStatesWhenCellHasMultipleStates" duration-ms="8" depends-on-groups="init" started-at="2010-05-01T15:23:41Z" finished-at="2010-05-01T15:23:41Z">
        </test-method>
        <test-method status="PASS" signature="beforeMethod()" name="beforeMethod" is-config="true" duration-ms="5" started-at="2010-05-01T15:23:41Z" finished-at="2010-05-01T15:23:41Z">
        </test-method>
        <test-method status="PASS" signature="beforeMethod()" name="beforeMethod" is-config="true" duration-ms="3" started-at="2010-05-01T15:23:41Z" finished-at="2010-05-01T15:23:41Z">
        </test-method>
        <test-method status="PASS" signature="afterUnmarshal()" name="afterUnmarshal" duration-ms="5" depends-on-groups="init" started-at="2010-05-01T15:23:41Z" finished-at="2010-05-01T15:23:41Z">
        </test-method>
        <test-method status="PASS" signature="beforeMethod()" name="beforeMethod" is-config="true" duration-ms="4" started-at="2010-05-01T15:23:40Z" finished-at="2010-05-01T15:23:40Z">
        </test-method>
        <test-method status="PASS" signature="beforeMethod()" name="beforeMethod" is-config="true" duration-ms="10" started-at="2010-05-01T15:23:41Z" finished-at="2010-05-01T15:23:41Z">
        </test-method>
        <test-method status="PASS" signature="beforeMethod()" name="beforeMethod" is-config="true" duration-ms="3" started-at="2010-05-01T15:23:41Z" finished-at="2010-05-01T15:23:41Z">
        </test-method>
        <test-method status="PASS" signature="beforeMethod()" name="beforeMethod" is-config="true" duration-ms="5" started-at="2010-05-01T15:23:40Z" finished-at="2010-05-01T15:23:40Z">
        </test-method>
        <test-method status="PASS" signature="beforeMarshalBeforeTypeHasBeenSet()" name="beforeMarshalBeforeTypeHasBeenSet" duration-ms="7" depends-on-groups="init" started-at="2010-05-01T15:23:40Z" finished-at="2010-05-01T15:23:40Z">
          <exception class="java.lang.IllegalStateException">
            <message>
              <![CDATA[can't marshal a cell without a type]]>
            </message>
            <full-stacktrace>
              <![CDATA[java.lang.IllegalStateException: can't marshal a cell without a type
	at com.google.common.base.Preconditions.checkState(Preconditions.java:139)
	at edu.upenn.cis.ppod.model.Cell.beforeMarshal(CharacterStateCell.java:221)
	at edu.upenn.cis.ppod.model.CharacterStateCellTest.beforeMarshalBeforeTypeHasBeenSet(CharacterStateCellTest.java:248)
	at sun.reflect.NativeMethodAccessorImpl.invoke0(Native Method)
	at sun.reflect.NativeMethodAccessorImpl.invoke(NativeMethodAccessorImpl.java:39)
	at sun.reflect.DelegatingMethodAccessorImpl.invoke(DelegatingMethodAccessorImpl.java:25)
	at java.lang.reflect.Method.invoke(Method.java:597)
	at org.testng.internal.MethodHelper.invokeMethod(MethodHelper.java:607)
	at org.testng.internal.Invoker.invokeMethod(Invoker.java:517)
	at org.testng.internal.Invoker.invokeTestMethod(Invoker.java:669)
	at org.testng.internal.Invoker.invokeTestMethods(Invoker.java:956)
	at org.testng.internal.TestMethodWorker.invokeTestMethods(TestMethodWorker.java:126)
	at org.testng.internal.TestMethodWorker.run(TestMethodWorker.java:110)
	at org.testng.TestRunner.runWorkers(TestRunner.java:759)
	at org.testng.TestRunner.privateRun(TestRunner.java:592)
	at org.testng.TestRunner.run(TestRunner.java:486)
	at org.testng.SuiteRunner.runTest(SuiteRunner.java:332)
	at org.testng.SuiteRunner.runSequentially(SuiteRunner.java:327)
	at org.testng.SuiteRunner.privateRun(SuiteRunner.java:299)
	at org.testng.SuiteRunner.run(SuiteRunner.java:204)
	at org.testng.TestNG.createAndRunSuiteRunners(TestNG.java:877)
	at org.testng.TestNG.runSuitesLocally(TestNG.java:842)
	at org.testng.TestNG.run(TestNG.java:751)
	at org.testng.remote.RemoteTestNG.run(RemoteTestNG.java:73)
	at org.testng.remote.RemoteTestNG.main(RemoteTestNG.java:124)
]]>
            </full-stacktrace>
          </exception>
        </test-method>
        <test-method status="PASS" signature="setTypeAndStatesFromPolymorhpicToInapplicable()" name="setTypeAndStatesFromPolymorhpicToInapplicable" duration-ms="2" depends-on-groups="init" started-at="2010-05-01T15:23:40Z" finished-at="2010-05-01T15:23:40Z">
        </test-method>
        <test-method status="PASS" signature="setTypeAndStatesUnassigned()" name="setTypeAndStatesUnassigned" duration-ms="4" depends-on-groups="init" started-at="2010-05-01T15:23:41Z" finished-at="2010-05-01T15:23:41Z">
        </test-method>
        <test-method status="PASS" signature="setTypeAndStatesInapplicable()" name="setTypeAndStatesInapplicable" duration-ms="5" depends-on-groups="init" started-at="2010-05-01T15:23:41Z" finished-at="2010-05-01T15:23:41Z">
        </test-method>
        <test-method status="PASS" signature="beforeMethod()" name="beforeMethod" is-config="true" duration-ms="13" started-at="2010-05-01T15:23:41Z" finished-at="2010-05-01T15:23:41Z">
        </test-method>
        <test-method status="PASS" signature="beforeMarshal()" name="beforeMarshal" duration-ms="8" depends-on-groups="init" started-at="2010-05-01T15:23:40Z" finished-at="2010-05-01T15:23:40Z">
        </test-method>
        <test-method status="PASS" signature="setStatesForACellThatDoesNotBelongToARow()" name="setStatesForACellThatDoesNotBelongToARow" duration-ms="4" depends-on-groups="init" started-at="2010-05-01T15:23:41Z" finished-at="2010-05-01T15:23:41Z">
          <exception class="java.lang.IllegalStateException">
            <message>
              <![CDATA[this cell has not been assigned a row]]>
            </message>
            <full-stacktrace>
              <![CDATA[java.lang.IllegalStateException: this cell has not been assigned a row
	at com.google.common.base.Preconditions.checkState(Preconditions.java:139)
	at edu.upenn.cis.ppod.model.Cell.checkIncomingState(CharacterStateCell.java:234)
	at edu.upenn.cis.ppod.model.Cell.setTypeAndStates(CharacterStateCell.java:546)
	at edu.upenn.cis.ppod.model.Cell.setSingleState(CharacterStateCell.java:507)
	at edu.upenn.cis.ppod.model.CharacterStateCellTest.setStatesForACellThatDoesNotBelongToARow(CharacterStateCellTest.java:121)
	at sun.reflect.NativeMethodAccessorImpl.invoke0(Native Method)
	at sun.reflect.NativeMethodAccessorImpl.invoke(NativeMethodAccessorImpl.java:39)
	at sun.reflect.DelegatingMethodAccessorImpl.invoke(DelegatingMethodAccessorImpl.java:25)
	at java.lang.reflect.Method.invoke(Method.java:597)
	at org.testng.internal.MethodHelper.invokeMethod(MethodHelper.java:607)
	at org.testng.internal.Invoker.invokeMethod(Invoker.java:517)
	at org.testng.internal.Invoker.invokeTestMethod(Invoker.java:669)
	at org.testng.internal.Invoker.invokeTestMethods(Invoker.java:956)
	at org.testng.internal.TestMethodWorker.invokeTestMethods(TestMethodWorker.java:126)
	at org.testng.internal.TestMethodWorker.run(TestMethodWorker.java:110)
	at org.testng.TestRunner.runWorkers(TestRunner.java:759)
	at org.testng.TestRunner.privateRun(TestRunner.java:592)
	at org.testng.TestRunner.run(TestRunner.java:486)
	at org.testng.SuiteRunner.runTest(SuiteRunner.java:332)
	at org.testng.SuiteRunner.runSequentially(SuiteRunner.java:327)
	at org.testng.SuiteRunner.privateRun(SuiteRunner.java:299)
	at org.testng.SuiteRunner.run(SuiteRunner.java:204)
	at org.testng.TestNG.createAndRunSuiteRunners(TestNG.java:877)
	at org.testng.TestNG.runSuitesLocally(TestNG.java:842)
	at org.testng.TestNG.run(TestNG.java:751)
	at org.testng.remote.RemoteTestNG.run(RemoteTestNG.java:73)
	at org.testng.remote.RemoteTestNG.main(RemoteTestNG.java:124)
]]>
            </full-stacktrace>
          </exception>
        </test-method>
        <test-method status="PASS" signature="beforeMethod()" name="beforeMethod" is-config="true" duration-ms="4" started-at="2010-05-01T15:23:41Z" finished-at="2010-05-01T15:23:41Z">
        </test-method>
        <test-method status="PASS" signature="beforeMethod()" name="beforeMethod" is-config="true" duration-ms="13" started-at="2010-05-01T15:23:40Z" finished-at="2010-05-01T15:23:40Z">
        </test-method>
        <test-method status="PASS" signature="setTypeAndStatesUncertainTooFewStates()" name="setTypeAndStatesUncertainTooFewStates" duration-ms="4" depends-on-groups="init" started-at="2010-05-01T15:23:41Z" finished-at="2010-05-01T15:23:41Z">
          <exception class="java.lang.IllegalArgumentException">
            <message>
              <![CDATA[uncertain states must be > 1]]>
            </message>
            <full-stacktrace>
              <![CDATA[java.lang.IllegalArgumentException: uncertain states must be > 1
	at com.google.common.base.Preconditions.checkArgument(Preconditions.java:84)
	at edu.upenn.cis.ppod.model.Cell.setUncertainStates(CharacterStateCell.java:598)
	at edu.upenn.cis.ppod.model.CharacterStateCellTest.setTypeAndStatesUncertainTooFewStates(CharacterStateCellTest.java:228)
	at sun.reflect.NativeMethodAccessorImpl.invoke0(Native Method)
	at sun.reflect.NativeMethodAccessorImpl.invoke(NativeMethodAccessorImpl.java:39)
	at sun.reflect.DelegatingMethodAccessorImpl.invoke(DelegatingMethodAccessorImpl.java:25)
	at java.lang.reflect.Method.invoke(Method.java:597)
	at org.testng.internal.MethodHelper.invokeMethod(MethodHelper.java:607)
	at org.testng.internal.Invoker.invokeMethod(Invoker.java:517)
	at org.testng.internal.Invoker.invokeTestMethod(Invoker.java:669)
	at org.testng.internal.Invoker.invokeTestMethods(Invoker.java:956)
	at org.testng.internal.TestMethodWorker.invokeTestMethods(TestMethodWorker.java:126)
	at org.testng.internal.TestMethodWorker.run(TestMethodWorker.java:110)
	at org.testng.TestRunner.runWorkers(TestRunner.java:759)
	at org.testng.TestRunner.privateRun(TestRunner.java:592)
	at org.testng.TestRunner.run(TestRunner.java:486)
	at org.testng.SuiteRunner.runTest(SuiteRunner.java:332)
	at org.testng.SuiteRunner.runSequentially(SuiteRunner.java:327)
	at org.testng.SuiteRunner.privateRun(SuiteRunner.java:299)
	at org.testng.SuiteRunner.run(SuiteRunner.java:204)
	at org.testng.TestNG.createAndRunSuiteRunners(TestNG.java:877)
	at org.testng.TestNG.runSuitesLocally(TestNG.java:842)
	at org.testng.TestNG.run(TestNG.java:751)
	at org.testng.remote.RemoteTestNG.run(RemoteTestNG.java:73)
	at org.testng.remote.RemoteTestNG.main(RemoteTestNG.java:124)
]]>
            </full-stacktrace>
          </exception>
        </test-method>
        <test-method status="PASS" signature="setTypeAndStatesSingle()" name="setTypeAndStatesSingle" duration-ms="5" depends-on-groups="init" started-at="2010-05-01T15:23:41Z" finished-at="2010-05-01T15:23:41Z">
        </test-method>
        <test-method status="PASS" signature="setTypeAndStatesPolymorphic()" name="setTypeAndStatesPolymorphic" duration-ms="9" depends-on-groups="init" started-at="2010-05-01T15:23:40Z" finished-at="2010-05-01T15:23:40Z">
        </test-method>
        <test-method status="PASS" signature="beforeMethod()" name="beforeMethod" is-config="true" duration-ms="22" started-at="2010-05-01T15:23:41Z" finished-at="2010-05-01T15:23:41Z">
        </test-method>
        <test-method status="PASS" signature="beforeMethod()" name="beforeMethod" is-config="true" duration-ms="17" started-at="2010-05-01T15:23:41Z" finished-at="2010-05-01T15:23:41Z">
        </test-method>
      </class>
      <class name="edu.upenn.cis.ppod.model.DNAStateTest">
        <test-method status="PASS" signature="of()" name="of" duration-ms="2" depends-on-groups="init" started-at="2010-05-01T15:23:41Z" finished-at="2010-05-01T15:23:41Z">
        </test-method>
        <test-method status="PASS" signature="ofIllegalArg()" name="ofIllegalArg" duration-ms="2" depends-on-groups="init" started-at="2010-05-01T15:23:41Z" finished-at="2010-05-01T15:23:41Z">
          <exception class="java.lang.IllegalArgumentException">
            <message>
              <![CDATA[stateNumber must be 0, 1, 2, or 3]]>
            </message>
            <full-stacktrace>
              <![CDATA[java.lang.IllegalArgumentException: stateNumber must be 0, 1, 2, or 3
	at edu.upenn.cis.ppod.model.DNAState$Nucleotide.of(DNAState.java:88)
	at edu.upenn.cis.ppod.model.DNAStateTest.ofIllegalArg(DNAStateTest.java:43)
	at sun.reflect.NativeMethodAccessorImpl.invoke0(Native Method)
	at sun.reflect.NativeMethodAccessorImpl.invoke(NativeMethodAccessorImpl.java:39)
	at sun.reflect.DelegatingMethodAccessorImpl.invoke(DelegatingMethodAccessorImpl.java:25)
	at java.lang.reflect.Method.invoke(Method.java:597)
	at org.testng.internal.MethodHelper.invokeMethod(MethodHelper.java:607)
	at org.testng.internal.Invoker.invokeMethod(Invoker.java:517)
	at org.testng.internal.Invoker.invokeTestMethod(Invoker.java:669)
	at org.testng.internal.Invoker.invokeTestMethods(Invoker.java:956)
	at org.testng.internal.TestMethodWorker.invokeTestMethods(TestMethodWorker.java:126)
	at org.testng.internal.TestMethodWorker.run(TestMethodWorker.java:110)
	at org.testng.TestRunner.runWorkers(TestRunner.java:759)
	at org.testng.TestRunner.privateRun(TestRunner.java:592)
	at org.testng.TestRunner.run(TestRunner.java:486)
	at org.testng.SuiteRunner.runTest(SuiteRunner.java:332)
	at org.testng.SuiteRunner.runSequentially(SuiteRunner.java:327)
	at org.testng.SuiteRunner.privateRun(SuiteRunner.java:299)
	at org.testng.SuiteRunner.run(SuiteRunner.java:204)
	at org.testng.TestNG.createAndRunSuiteRunners(TestNG.java:877)
	at org.testng.TestNG.runSuitesLocally(TestNG.java:842)
	at org.testng.TestNG.run(TestNG.java:751)
	at org.testng.remote.RemoteTestNG.run(RemoteTestNG.java:73)
	at org.testng.remote.RemoteTestNG.main(RemoteTestNG.java:124)
]]>
            </full-stacktrace>
          </exception>
        </test-method>
      </class>
      <class name="edu.upenn.cis.ppod.model.DNASequenceTest">
        <test-method status="PASS" signature="testIsLegalShouldReturnFalse()" name="testIsLegalShouldReturnFalse" duration-ms="32" started-at="2010-05-01T15:23:56Z" finished-at="2010-05-01T15:23:56Z">
        </test-method>
        <test-method status="PASS" signature="testIsLegal()" name="testIsLegal" duration-ms="10" started-at="2010-05-01T15:23:56Z" finished-at="2010-05-01T15:23:56Z">
        </test-method>
      </class>
      <class name="edu.upenn.cis.ppod.model.CharacterStateRowTest">
        <test-method status="PASS" signature="beforeMethod()" name="beforeMethod" is-config="true" duration-ms="0" started-at="2010-05-01T15:23:41Z" finished-at="2010-05-01T15:23:41Z">
        </test-method>
        <test-method status="PASS" signature="beforeMethod()" name="beforeMethod" is-config="true" duration-ms="1" started-at="2010-05-01T15:23:41Z" finished-at="2010-05-01T15:23:41Z">
        </test-method>
        <test-method status="PASS" signature="beforeMethod()" name="beforeMethod" is-config="true" duration-ms="0" started-at="2010-05-01T15:23:40Z" finished-at="2010-05-01T15:23:40Z">
        </test-method>
        <test-method status="PASS" signature="addCellToMatrixThatHasNoCharacters()" name="addCellToMatrixThatHasNoCharacters" duration-ms="10" depends-on-groups="init" started-at="2010-05-01T15:23:40Z" finished-at="2010-05-01T15:23:40Z">
          <exception class="java.lang.IllegalStateException">
            <message>
              <![CDATA[the matrix has different number of characters 0 than cells 1 and cells > 0]]>
            </message>
            <full-stacktrace>
              <![CDATA[java.lang.IllegalStateException: the matrix has different number of characters 0 than cells 1 and cells > 0
	at com.google.common.base.Preconditions.checkState(Preconditions.java:139)
	at edu.upenn.cis.ppod.model.CategoricalRow.setCells(CharacterStateRow.java:223)
	at edu.upenn.cis.ppod.model.CharacterStateRowTest.addCellToMatrixThatHasNoCharacters(CharacterStateRowTest.java:105)
	at sun.reflect.NativeMethodAccessorImpl.invoke0(Native Method)
	at sun.reflect.NativeMethodAccessorImpl.invoke(NativeMethodAccessorImpl.java:39)
	at sun.reflect.DelegatingMethodAccessorImpl.invoke(DelegatingMethodAccessorImpl.java:25)
	at java.lang.reflect.Method.invoke(Method.java:597)
	at org.testng.internal.MethodHelper.invokeMethod(MethodHelper.java:607)
	at org.testng.internal.Invoker.invokeMethod(Invoker.java:517)
	at org.testng.internal.Invoker.invokeTestMethod(Invoker.java:669)
	at org.testng.internal.Invoker.invokeTestMethods(Invoker.java:956)
	at org.testng.internal.TestMethodWorker.invokeTestMethods(TestMethodWorker.java:126)
	at org.testng.internal.TestMethodWorker.run(TestMethodWorker.java:110)
	at org.testng.TestRunner.runWorkers(TestRunner.java:759)
	at org.testng.TestRunner.privateRun(TestRunner.java:592)
	at org.testng.TestRunner.run(TestRunner.java:486)
	at org.testng.SuiteRunner.runTest(SuiteRunner.java:332)
	at org.testng.SuiteRunner.runSequentially(SuiteRunner.java:327)
	at org.testng.SuiteRunner.privateRun(SuiteRunner.java:299)
	at org.testng.SuiteRunner.run(SuiteRunner.java:204)
	at org.testng.TestNG.createAndRunSuiteRunners(TestNG.java:877)
	at org.testng.TestNG.runSuitesLocally(TestNG.java:842)
	at org.testng.TestNG.run(TestNG.java:751)
	at org.testng.remote.RemoteTestNG.run(RemoteTestNG.java:73)
	at org.testng.remote.RemoteTestNG.main(RemoteTestNG.java:124)
]]>
            </full-stacktrace>
          </exception>
        </test-method>
        <test-method status="PASS" signature="addCellToMatrixWTooFewCharacters()" name="addCellToMatrixWTooFewCharacters" duration-ms="25" depends-on-groups="init" started-at="2010-05-01T15:23:40Z" finished-at="2010-05-01T15:23:40Z">
          <exception class="java.lang.IllegalStateException">
            <message>
              <![CDATA[the matrix has different number of characters 1 than cells 2 and cells > 0]]>
            </message>
            <full-stacktrace>
              <![CDATA[java.lang.IllegalStateException: the matrix has different number of characters 1 than cells 2 and cells > 0
	at com.google.common.base.Preconditions.checkState(Preconditions.java:139)
	at edu.upenn.cis.ppod.model.CategoricalRow.setCells(CharacterStateRow.java:223)
	at edu.upenn.cis.ppod.model.CharacterStateRowTest.addCellToMatrixWTooFewCharacters(CharacterStateRowTest.java:114)
	at sun.reflect.NativeMethodAccessorImpl.invoke0(Native Method)
	at sun.reflect.NativeMethodAccessorImpl.invoke(NativeMethodAccessorImpl.java:39)
	at sun.reflect.DelegatingMethodAccessorImpl.invoke(DelegatingMethodAccessorImpl.java:25)
	at java.lang.reflect.Method.invoke(Method.java:597)
	at org.testng.internal.MethodHelper.invokeMethod(MethodHelper.java:607)
	at org.testng.internal.Invoker.invokeMethod(Invoker.java:517)
	at org.testng.internal.Invoker.invokeTestMethod(Invoker.java:669)
	at org.testng.internal.Invoker.invokeTestMethods(Invoker.java:956)
	at org.testng.internal.TestMethodWorker.invokeTestMethods(TestMethodWorker.java:126)
	at org.testng.internal.TestMethodWorker.run(TestMethodWorker.java:110)
	at org.testng.TestRunner.runWorkers(TestRunner.java:759)
	at org.testng.TestRunner.privateRun(TestRunner.java:592)
	at org.testng.TestRunner.run(TestRunner.java:486)
	at org.testng.SuiteRunner.runTest(SuiteRunner.java:332)
	at org.testng.SuiteRunner.runSequentially(SuiteRunner.java:327)
	at org.testng.SuiteRunner.privateRun(SuiteRunner.java:299)
	at org.testng.SuiteRunner.run(SuiteRunner.java:204)
	at org.testng.TestNG.createAndRunSuiteRunners(TestNG.java:877)
	at org.testng.TestNG.runSuitesLocally(TestNG.java:842)
	at org.testng.TestNG.run(TestNG.java:751)
	at org.testng.remote.RemoteTestNG.run(RemoteTestNG.java:73)
	at org.testng.remote.RemoteTestNG.main(RemoteTestNG.java:124)
]]>
            </full-stacktrace>
          </exception>
        </test-method>
        <test-method status="PASS" signature="addCellToRowThatsNotInAMatrix()" name="addCellToRowThatsNotInAMatrix" duration-ms="5" depends-on-groups="init" started-at="2010-05-01T15:23:41Z" finished-at="2010-05-01T15:23:41Z">
          <exception class="java.lang.IllegalStateException">
            <message>
              <![CDATA[This row hasn't been added to a matrix yet]]>
            </message>
            <full-stacktrace>
              <![CDATA[java.lang.IllegalStateException: This row hasn't been added to a matrix yet
	at com.google.common.base.Preconditions.checkState(Preconditions.java:139)
	at edu.upenn.cis.ppod.model.CategoricalRow.setCells(CharacterStateRow.java:221)
	at edu.upenn.cis.ppod.model.CharacterStateRowTest.addCellToRowThatsNotInAMatrix(CharacterStateRowTest.java:89)
	at sun.reflect.NativeMethodAccessorImpl.invoke0(Native Method)
	at sun.reflect.NativeMethodAccessorImpl.invoke(NativeMethodAccessorImpl.java:39)
	at sun.reflect.DelegatingMethodAccessorImpl.invoke(DelegatingMethodAccessorImpl.java:25)
	at java.lang.reflect.Method.invoke(Method.java:597)
	at org.testng.internal.MethodHelper.invokeMethod(MethodHelper.java:607)
	at org.testng.internal.Invoker.invokeMethod(Invoker.java:517)
	at org.testng.internal.Invoker.invokeTestMethod(Invoker.java:669)
	at org.testng.internal.Invoker.invokeTestMethods(Invoker.java:956)
	at org.testng.internal.TestMethodWorker.invokeTestMethods(TestMethodWorker.java:126)
	at org.testng.internal.TestMethodWorker.run(TestMethodWorker.java:110)
	at org.testng.TestRunner.runWorkers(TestRunner.java:759)
	at org.testng.TestRunner.privateRun(TestRunner.java:592)
	at org.testng.TestRunner.run(TestRunner.java:486)
	at org.testng.SuiteRunner.runTest(SuiteRunner.java:332)
	at org.testng.SuiteRunner.runSequentially(SuiteRunner.java:327)
	at org.testng.SuiteRunner.privateRun(SuiteRunner.java:299)
	at org.testng.SuiteRunner.run(SuiteRunner.java:204)
	at org.testng.TestNG.createAndRunSuiteRunners(TestNG.java:877)
	at org.testng.TestNG.runSuitesLocally(TestNG.java:842)
	at org.testng.TestNG.run(TestNG.java:751)
	at org.testng.remote.RemoteTestNG.run(RemoteTestNG.java:73)
	at org.testng.remote.RemoteTestNG.main(RemoteTestNG.java:124)
]]>
            </full-stacktrace>
          </exception>
        </test-method>
        <test-method status="PASS" signature="beforeMethod()" name="beforeMethod" is-config="true" duration-ms="34" started-at="2010-05-01T15:23:40Z" finished-at="2010-05-01T15:23:40Z">
        </test-method>
        <test-method status="PASS" signature="addCellToMatrixWOneCharacter()" name="addCellToMatrixWOneCharacter" duration-ms="3" depends-on-groups="init" started-at="2010-05-01T15:23:41Z" finished-at="2010-05-01T15:23:41Z">
        </test-method>
      </class>
      <class name="edu.upenn.cis.ppod.model.AttachmentTest">
        <test-method status="PASS" signature="setBytesValue()" name="setBytesValue" duration-ms="5" started-at="2010-05-01T15:23:40Z" finished-at="2010-05-01T15:23:40Z">
        </test-method>
      </class>
      <class name="edu.upenn.cis.ppod.model.OTUSetTest">
        <test-method status="PASS" signature="addOTUWAlreadyContainedOTU()" name="addOTUWAlreadyContainedOTU" duration-ms="4" depends-on-groups="init" started-at="2010-05-01T15:23:41Z" finished-at="2010-05-01T15:23:41Z">
        </test-method>
        <test-method status="PASS" signature="beforeMethod()" name="beforeMethod" is-config="true" duration-ms="174" started-at="2010-05-01T15:23:40Z" finished-at="2010-05-01T15:23:40Z">
        </test-method>
        <test-method status="PASS" signature="clearOTUs()" name="clearOTUs" duration-ms="2" depends-on-groups="init" started-at="2010-05-01T15:23:40Z" finished-at="2010-05-01T15:23:40Z">
        </test-method>
        <test-method status="PASS" signature="resetWhenNotInNeedOfNewPPodVersionInfo()" name="resetWhenNotInNeedOfNewPPodVersionInfo" duration-ms="3" depends-on-groups="init" started-at="2010-05-01T15:23:41Z" finished-at="2010-05-01T15:23:41Z">
        </test-method>
        <test-method status="PASS" signature="beforeMethod()" name="beforeMethod" is-config="true" duration-ms="0" started-at="2010-05-01T15:23:40Z" finished-at="2010-05-01T15:23:40Z">
        </test-method>
        <test-method status="PASS" signature="beforeMethod()" name="beforeMethod" is-config="true" duration-ms="1" started-at="2010-05-01T15:23:41Z" finished-at="2010-05-01T15:23:41Z">
        </test-method>
        <test-method status="PASS" signature="beforeMethod()" name="beforeMethod" is-config="true" duration-ms="1" started-at="2010-05-01T15:23:41Z" finished-at="2010-05-01T15:23:41Z">
        </test-method>
        <test-method status="PASS" signature="beforeMethod()" name="beforeMethod" is-config="true" duration-ms="0" started-at="2010-05-01T15:23:40Z" finished-at="2010-05-01T15:23:40Z">
        </test-method>
        <test-method status="PASS" signature="beforeMethod()" name="beforeMethod" is-config="true" duration-ms="0" started-at="2010-05-01T15:23:41Z" finished-at="2010-05-01T15:23:41Z">
        </test-method>
        <test-method status="PASS" signature="setDescription()" name="setDescription" duration-ms="2" depends-on-groups="init" started-at="2010-05-01T15:23:41Z" finished-at="2010-05-01T15:23:41Z">
        </test-method>
        <test-method status="PASS" signature="beforeMethod()" name="beforeMethod" is-config="true" duration-ms="0" started-at="2010-05-01T15:23:40Z" finished-at="2010-05-01T15:23:40Z">
        </test-method>
        <test-method status="PASS" signature="removeMatrix()" name="removeMatrix" duration-ms="5" depends-on-groups="init" started-at="2010-05-01T15:23:41Z" finished-at="2010-05-01T15:23:41Z">
        </test-method>
        <test-method status="PASS" signature="beforeMethod()" name="beforeMethod" is-config="true" duration-ms="0" started-at="2010-05-01T15:23:41Z" finished-at="2010-05-01T15:23:41Z">
        </test-method>
        <test-method status="PASS" signature="removeOTU()" name="removeOTU" duration-ms="4" depends-on-groups="init" started-at="2010-05-01T15:23:40Z" finished-at="2010-05-01T15:23:40Z">
        </test-method>
        <test-method status="PASS" signature="removeTreeSet()" name="removeTreeSet" duration-ms="2" depends-on-groups="init" started-at="2010-05-01T15:23:41Z" finished-at="2010-05-01T15:23:41Z">
        </test-method>
        <test-method status="PASS" signature="addOTU()" name="addOTU" duration-ms="30" depends-on-groups="init" started-at="2010-05-01T15:23:40Z" finished-at="2010-05-01T15:23:40Z">
        </test-method>
        <test-method status="PASS" signature="beforeMethod()" name="beforeMethod" is-config="true" duration-ms="1" started-at="2010-05-01T15:23:41Z" finished-at="2010-05-01T15:23:41Z">
        </test-method>
        <test-method status="PASS" signature="beforeMethod()" name="beforeMethod" is-config="true" duration-ms="1" started-at="2010-05-01T15:23:41Z" finished-at="2010-05-01T15:23:41Z">
        </test-method>
        <test-method status="PASS" signature="setTreeSets()" name="setTreeSets" duration-ms="4" depends-on-groups="init" started-at="2010-05-01T15:23:40Z" finished-at="2010-05-01T15:23:40Z">
        </test-method>
        <test-method status="PASS" signature="setDNASequenceSets()" name="setDNASequenceSets" duration-ms="10" depends-on-groups="init" started-at="2010-05-01T15:23:40Z" finished-at="2010-05-01T15:23:40Z">
        </test-method>
        <test-method status="PASS" signature="beforeMethod()" name="beforeMethod" is-config="true" duration-ms="1" started-at="2010-05-01T15:23:40Z" finished-at="2010-05-01T15:23:40Z">
        </test-method>
        <test-method status="PASS" signature="addOTUWDuplicateLabel()" name="addOTUWDuplicateLabel" duration-ms="14" depends-on-groups="init" started-at="2010-05-01T15:23:41Z" finished-at="2010-05-01T15:23:41Z">
          <exception class="java.lang.IllegalArgumentException">
            <message>
              <![CDATA[OTUSet labeled 'null' already has an OTU labeled 'otu0']]>
            </message>
            <full-stacktrace>
              <![CDATA[java.lang.IllegalArgumentException: OTUSet labeled 'null' already has an OTU labeled 'otu0'
	at com.google.common.base.Preconditions.checkArgument(Preconditions.java:84)
	at edu.upenn.cis.ppod.model.OTUSet.addOTUWithoutSetOTUsOnChildren(OTUSet.java:221)
	at edu.upenn.cis.ppod.model.OTUSet.setOTUs(OTUSet.java:533)
	at edu.upenn.cis.ppod.model.OTUSetTest.addOTUWDuplicateLabel(OTUSetTest.java:91)
	at sun.reflect.NativeMethodAccessorImpl.invoke0(Native Method)
	at sun.reflect.NativeMethodAccessorImpl.invoke(NativeMethodAccessorImpl.java:39)
	at sun.reflect.DelegatingMethodAccessorImpl.invoke(DelegatingMethodAccessorImpl.java:25)
	at java.lang.reflect.Method.invoke(Method.java:597)
	at org.testng.internal.MethodHelper.invokeMethod(MethodHelper.java:607)
	at org.testng.internal.Invoker.invokeMethod(Invoker.java:517)
	at org.testng.internal.Invoker.invokeTestMethod(Invoker.java:669)
	at org.testng.internal.Invoker.invokeTestMethods(Invoker.java:956)
	at org.testng.internal.TestMethodWorker.invokeTestMethods(TestMethodWorker.java:126)
	at org.testng.internal.TestMethodWorker.run(TestMethodWorker.java:110)
	at org.testng.TestRunner.runWorkers(TestRunner.java:759)
	at org.testng.TestRunner.privateRun(TestRunner.java:592)
	at org.testng.TestRunner.run(TestRunner.java:486)
	at org.testng.SuiteRunner.runTest(SuiteRunner.java:332)
	at org.testng.SuiteRunner.runSequentially(SuiteRunner.java:327)
	at org.testng.SuiteRunner.privateRun(SuiteRunner.java:299)
	at org.testng.SuiteRunner.run(SuiteRunner.java:204)
	at org.testng.TestNG.createAndRunSuiteRunners(TestNG.java:877)
	at org.testng.TestNG.runSuitesLocally(TestNG.java:842)
	at org.testng.TestNG.run(TestNG.java:751)
	at org.testng.remote.RemoteTestNG.run(RemoteTestNG.java:73)
	at org.testng.remote.RemoteTestNG.main(RemoteTestNG.java:124)
]]>
            </full-stacktrace>
          </exception>
        </test-method>
      </class>
      <class name="edu.upenn.cis.ppod.saveorupdate.MergeAttachmentTest">
        <test-method status="PASS" signature="beforeMethod()" name="beforeMethod" is-config="true" duration-ms="0" started-at="2010-05-01T15:23:56Z" finished-at="2010-05-01T15:23:56Z">
        </test-method>
        <test-method status="PASS" signature="mergeOnBlankTarget()" name="mergeOnBlankTarget" duration-ms="23" started-at="2010-05-01T15:23:56Z" finished-at="2010-05-01T15:23:56Z">
        </test-method>
      </class>
      <class name="edu.upenn.cis.ppod.model.MolecularStateMatrixTest">
        <test-method status="PASS" signature="setCharacters()" name="setCharacters" duration-ms="16" depends-on-groups="init" started-at="2010-05-01T15:23:40Z" finished-at="2010-05-01T15:23:40Z">
        </test-method>
      </class>
      <class name="edu.upenn.cis.ppod.model.OTUsToMolecularSequencesTest">
        <test-method status="PASS" signature="putHelperTestReplaceASequence()" name="putHelperTestReplaceASequence" duration-ms="4" started-at="2010-05-01T15:23:40Z" finished-at="2010-05-01T15:23:40Z">
        </test-method>
        <test-method status="PASS" signature="putHelperTest()" name="putHelperTest" duration-ms="3" started-at="2010-05-01T15:23:40Z" finished-at="2010-05-01T15:23:40Z">
        </test-method>
      </class>
      <class name="edu.upenn.cis.ppod.model.ChromatogramTest">
        <test-method status="PASS" signature="setBytesValue()" name="setBytesValue" duration-ms="7" depends-on-groups="init" started-at="2010-05-01T15:23:40Z" finished-at="2010-05-01T15:23:40Z">
        </test-method>
      </class>
      <class name="edu.upenn.cis.ppod.model.CharacterStateMatrixTest">
        <test-method status="PASS" signature="beforeMarshal()" name="beforeMarshal" duration-ms="5" depends-on-groups="init" started-at="2010-05-01T15:23:40Z" finished-at="2010-05-01T15:23:40Z">
        </test-method>
        <test-method status="PASS" signature="setColumnPPodVersionInfos()" name="setColumnPPodVersionInfos" duration-ms="17" depends-on-groups="init" started-at="2010-05-01T15:23:40Z" finished-at="2010-05-01T15:23:40Z">
        </test-method>
        <test-method status="PASS" signature="beforeMethod()" name="beforeMethod" is-config="true" duration-ms="13" started-at="2010-05-01T15:23:40Z" finished-at="2010-05-01T15:23:40Z">
        </test-method>
        <test-method status="PASS" signature="replaceCharacters()" name="replaceCharacters" duration-ms="33" depends-on-groups="init" started-at="2010-05-01T15:23:40Z" finished-at="2010-05-01T15:23:40Z">
        </test-method>
        <test-method status="PASS" signature="beforeMethod()" name="beforeMethod" is-config="true" duration-ms="0" started-at="2010-05-01T15:23:41Z" finished-at="2010-05-01T15:23:41Z">
        </test-method>
        <test-method status="PASS" signature="beforeMethod()" name="beforeMethod" is-config="true" duration-ms="1" started-at="2010-05-01T15:23:40Z" finished-at="2010-05-01T15:23:40Z">
        </test-method>
        <test-method status="PASS" signature="beforeMethod()" name="beforeMethod" is-config="true" duration-ms="1" started-at="2010-05-01T15:23:40Z" finished-at="2010-05-01T15:23:40Z">
        </test-method>
        <test-method status="PASS" signature="beforeMethod()" name="beforeMethod" is-config="true" duration-ms="0" started-at="2010-05-01T15:23:41Z" finished-at="2010-05-01T15:23:41Z">
        </test-method>
        <test-method status="PASS" signature="beforeMethod()" name="beforeMethod" is-config="true" duration-ms="1" started-at="2010-05-01T15:23:40Z" finished-at="2010-05-01T15:23:40Z">
        </test-method>
        <test-method status="PASS" signature="beforeMethod()" name="beforeMethod" is-config="true" duration-ms="1" started-at="2010-05-01T15:23:41Z" finished-at="2010-05-01T15:23:41Z">
        </test-method>
        <test-method status="PASS" signature="beforeMethod()" name="beforeMethod" is-config="true" duration-ms="0" started-at="2010-05-01T15:23:41Z" finished-at="2010-05-01T15:23:41Z">
        </test-method>
        <test-method status="PASS" signature="setCharactersW2EqualsCharacters()" name="setCharactersW2EqualsCharacters" duration-ms="4" depends-on-groups="init" started-at="2010-05-01T15:23:41Z" finished-at="2010-05-01T15:23:41Z">
          <exception class="java.lang.IllegalArgumentException">
            <message>
              <![CDATA[two characters are the same character0 at positions 0 and 0]]>
            </message>
            <full-stacktrace>
              <![CDATA[java.lang.IllegalArgumentException: two characters are the same character0 at positions 0 and 0
	at com.google.common.base.Preconditions.checkArgument(Preconditions.java:84)
	at edu.upenn.cis.ppod.model.Matrix.setCharacters(CharacterStateMatrix.java:555)
	at edu.upenn.cis.ppod.model.CharacterStateMatrixTest.setCharactersW2EqualsCharacters(CharacterStateMatrixTest.java:362)
	at sun.reflect.NativeMethodAccessorImpl.invoke0(Native Method)
	at sun.reflect.NativeMethodAccessorImpl.invoke(NativeMethodAccessorImpl.java:39)
	at sun.reflect.DelegatingMethodAccessorImpl.invoke(DelegatingMethodAccessorImpl.java:25)
	at java.lang.reflect.Method.invoke(Method.java:597)
	at org.testng.internal.MethodHelper.invokeMethod(MethodHelper.java:607)
	at org.testng.internal.Invoker.invokeMethod(Invoker.java:517)
	at org.testng.internal.Invoker.invokeTestMethod(Invoker.java:669)
	at org.testng.internal.Invoker.invokeTestMethods(Invoker.java:956)
	at org.testng.internal.TestMethodWorker.invokeTestMethods(TestMethodWorker.java:126)
	at org.testng.internal.TestMethodWorker.run(TestMethodWorker.java:110)
	at org.testng.TestRunner.runWorkers(TestRunner.java:759)
	at org.testng.TestRunner.privateRun(TestRunner.java:592)
	at org.testng.TestRunner.run(TestRunner.java:486)
	at org.testng.SuiteRunner.runTest(SuiteRunner.java:332)
	at org.testng.SuiteRunner.runSequentially(SuiteRunner.java:327)
	at org.testng.SuiteRunner.privateRun(SuiteRunner.java:299)
	at org.testng.SuiteRunner.run(SuiteRunner.java:204)
	at org.testng.TestNG.createAndRunSuiteRunners(TestNG.java:877)
	at org.testng.TestNG.runSuitesLocally(TestNG.java:842)
	at org.testng.TestNG.run(TestNG.java:751)
	at org.testng.remote.RemoteTestNG.run(RemoteTestNG.java:73)
	at org.testng.remote.RemoteTestNG.main(RemoteTestNG.java:124)
]]>
            </full-stacktrace>
          </exception>
        </test-method>
        <test-method status="PASS" signature="setWithSameRow()" name="setWithSameRow" duration-ms="2" depends-on-groups="init" started-at="2010-05-01T15:23:41Z" finished-at="2010-05-01T15:23:41Z">
        </test-method>
        <test-method status="PASS" signature="replaceRow()" name="replaceRow" duration-ms="4" depends-on-groups="init" started-at="2010-05-01T15:23:41Z" finished-at="2010-05-01T15:23:41Z">
        </test-method>
        <test-method status="PASS" signature="moveCharacter()" name="moveCharacter" duration-ms="4" depends-on-groups="init" started-at="2010-05-01T15:23:41Z" finished-at="2010-05-01T15:23:41Z">
        </test-method>
        <test-method status="PASS" signature="beforeMethod()" name="beforeMethod" is-config="true" duration-ms="0" started-at="2010-05-01T15:23:41Z" finished-at="2010-05-01T15:23:41Z">
        </test-method>
        <test-method status="PASS" signature="setOTUsWReorderedOTUs()" name="setOTUsWReorderedOTUs" duration-ms="14" depends-on-groups="init" started-at="2010-05-01T15:23:41Z" finished-at="2010-05-01T15:23:41Z">
        </test-method>
        <test-method status="PASS" signature="beforeMethod()" name="beforeMethod" is-config="true" duration-ms="1" started-at="2010-05-01T15:23:40Z" finished-at="2010-05-01T15:23:40Z">
        </test-method>
        <test-method status="PASS" signature="beforeMethod()" name="beforeMethod" is-config="true" duration-ms="0" started-at="2010-05-01T15:23:41Z" finished-at="2010-05-01T15:23:41Z">
        </test-method>
        <test-method status="PASS" signature="beforeMethod()" name="beforeMethod" is-config="true" duration-ms="1" started-at="2010-05-01T15:23:41Z" finished-at="2010-05-01T15:23:41Z">
        </test-method>
        <test-method status="PASS" signature="setDescription()" name="setDescription" duration-ms="5" depends-on-groups="init" started-at="2010-05-01T15:23:41Z" finished-at="2010-05-01T15:23:41Z">
        </test-method>
        <test-method status="PASS" signature="setCharactersWithEqualsCharacters()" name="setCharactersWithEqualsCharacters" duration-ms="2" depends-on-groups="init" started-at="2010-05-01T15:23:40Z" finished-at="2010-05-01T15:23:40Z">
        </test-method>
        <test-method status="PASS" signature="beforeMethod()" name="beforeMethod" is-config="true" duration-ms="2" started-at="2010-05-01T15:23:40Z" finished-at="2010-05-01T15:23:40Z">
        </test-method>
        <test-method status="PASS" signature="setOTUsWSameOTUs()" name="setOTUsWSameOTUs" duration-ms="6" depends-on-groups="init" started-at="2010-05-01T15:23:40Z" finished-at="2010-05-01T15:23:40Z">
        </test-method>
        <test-method status="PASS" signature="setCharacters()" name="setCharacters" duration-ms="2" depends-on-groups="init" started-at="2010-05-01T15:23:41Z" finished-at="2010-05-01T15:23:41Z">
        </test-method>
        <test-method status="PASS" signature="setOTUsWithLessOTUs()" name="setOTUsWithLessOTUs" duration-ms="8" depends-on-groups="init" started-at="2010-05-01T15:23:40Z" finished-at="2010-05-01T15:23:40Z">
        </test-method>
      </class>
      <class name="edu.upenn.cis.ppod.model.PPodEntityTest">
        <test-method status="PASS" signature="addAttachment()" name="addAttachment" duration-ms="8" depends-on-groups="init" started-at="2010-05-01T15:23:40Z" finished-at="2010-05-01T15:23:40Z">
        </test-method>
        <test-method status="PASS" signature="removeAttachment()" name="removeAttachment" duration-ms="3" depends-on-groups="init" started-at="2010-05-01T15:23:41Z" finished-at="2010-05-01T15:23:41Z">
        </test-method>
        <test-method status="PASS" signature="getMarshalled()" name="getMarshalled" duration-ms="5" depends-on-groups="init" started-at="2010-05-01T15:23:41Z" finished-at="2010-05-01T15:23:41Z">
          <exception class="java.lang.IllegalStateException">
            <message>
              <![CDATA[can't access a PPodVersionInfo through a marshalled PPodEntity]]>
            </message>
            <full-stacktrace>
              <![CDATA[java.lang.IllegalStateException: can't access a PPodVersionInfo through a marshalled PPodEntity
	at com.google.common.base.Preconditions.checkState(Preconditions.java:139)
	at edu.upenn.cis.ppod.model.PPodEntity.getPPodVersionInfo(PPodEntity.java:245)
	at edu.upenn.cis.ppod.model.PPodEntityTest.getMarshalled(PPodEntityTest.java:101)
	at sun.reflect.NativeMethodAccessorImpl.invoke0(Native Method)
	at sun.reflect.NativeMethodAccessorImpl.invoke(NativeMethodAccessorImpl.java:39)
	at sun.reflect.DelegatingMethodAccessorImpl.invoke(DelegatingMethodAccessorImpl.java:25)
	at java.lang.reflect.Method.invoke(Method.java:597)
	at org.testng.internal.MethodHelper.invokeMethod(MethodHelper.java:607)
	at org.testng.internal.Invoker.invokeMethod(Invoker.java:517)
	at org.testng.internal.Invoker.invokeTestMethod(Invoker.java:669)
	at org.testng.internal.Invoker.invokeTestMethods(Invoker.java:956)
	at org.testng.internal.TestMethodWorker.invokeTestMethods(TestMethodWorker.java:126)
	at org.testng.internal.TestMethodWorker.run(TestMethodWorker.java:110)
	at org.testng.TestRunner.runWorkers(TestRunner.java:759)
	at org.testng.TestRunner.privateRun(TestRunner.java:592)
	at org.testng.TestRunner.run(TestRunner.java:486)
	at org.testng.SuiteRunner.runTest(SuiteRunner.java:332)
	at org.testng.SuiteRunner.runSequentially(SuiteRunner.java:327)
	at org.testng.SuiteRunner.privateRun(SuiteRunner.java:299)
	at org.testng.SuiteRunner.run(SuiteRunner.java:204)
	at org.testng.TestNG.createAndRunSuiteRunners(TestNG.java:877)
	at org.testng.TestNG.runSuitesLocally(TestNG.java:842)
	at org.testng.TestNG.run(TestNG.java:751)
	at org.testng.remote.RemoteTestNG.run(RemoteTestNG.java:73)
	at org.testng.remote.RemoteTestNG.main(RemoteTestNG.java:124)
]]>
            </full-stacktrace>
          </exception>
        </test-method>
        <test-method status="PASS" signature="beforeMarahal()" name="beforeMarahal" duration-ms="4" depends-on-groups="init" started-at="2010-05-01T15:23:40Z" finished-at="2010-05-01T15:23:40Z">
        </test-method>
      </class>
      <class name="edu.upenn.cis.ppod.FactorySetup">
        <test-method status="PASS" signature="succeed()" name="succeed" duration-ms="4" started-at="2010-05-01T15:23:40Z" finished-at="2010-05-01T15:23:40Z">
        </test-method>
      </class>
    </test>
  </suite>
</testng-results>
